Log file open, 06/17/19 21:18:29
LogWindows: Failed to load 'aqProf.dll' (GetLastError=126)
LogWindows: File 'aqProf.dll' does not exist
LogWindows: Failed to load 'VtuneApi.dll' (GetLastError=126)
LogWindows: File 'VtuneApi.dll' does not exist
LogWindows: Failed to load 'VtuneApi32e.dll' (GetLastError=126)
LogWindows: File 'VtuneApi32e.dll' does not exist
LogConsoleResponse: Display: Failed to find resolution value strings in scalability ini. Falling back to default.
LogInit: Display: Running engine for game: CLONEJOURNEY
LogPakFile: Registered encryption key '00000000000000000000000000000000': 0 pak files mounted, 0 remain pending
LogPlatformFile: Not using cached read wrapper
LogTaskGraph: Started task graph with 5 named threads and 11 total threads with 3 sets of task threads.
LogStats: Stats thread started at 0.286980
LogD3D11RHI: Loaded GFSDK_Aftermath_Lib.x64.dll
LogWindows: Failed to load '../../../Engine/Binaries/ThirdParty/libsndfile/Win64/libsndfile-1.dll' (GetLastError=126)
LogWindows: File '../../../Engine/Binaries/ThirdParty/libsndfile/Win64/libsndfile-1.dll' does not exist
LogAudioMixer: Display: Failed to load Sound File dll
LogAudioEditor: Display: LibSoundFile failed to load. Importing audio will not work correctly.
LogICUInternationalization: ICU TimeZone Detection - Raw Offset: -3:00, Platform Override: ''
LogPluginManager: Mounting plugin Paper2D
LogPluginManager: Mounting plugin AISupport
LogPluginManager: Mounting plugin LightPropagationVolume
LogPluginManager: Mounting plugin ActorLayerUtilities
LogPluginManager: Mounting plugin AnimationSharing
LogPluginManager: Mounting plugin CLionSourceCodeAccess
LogPluginManager: Mounting plugin CodeLiteSourceCodeAccess
LogPluginManager: Mounting plugin GitSourceControl
LogPluginManager: Mounting plugin KDevelopSourceCodeAccess
LogPluginManager: Mounting plugin NullSourceCodeAccess
LogPluginManager: Mounting plugin PerforceSourceControl
LogPluginManager: Mounting plugin SubversionSourceControl
LogPluginManager: Mounting plugin UObjectPlugin
LogPluginManager: Mounting plugin VisualStudioCodeSourceCodeAccess
LogPluginManager: Mounting plugin VisualStudioSourceCodeAccess
LogPluginManager: Mounting plugin XCodeSourceCodeAccess
LogPluginManager: Mounting plugin AssetManagerEditor
LogPluginManager: Mounting plugin CryptoKeys
LogPluginManager: Mounting plugin DataValidation
LogPluginManager: Mounting plugin FacialAnimation
LogPluginManager: Mounting plugin GameplayTagsEditor
LogPluginManager: Mounting plugin MacGraphicsSwitching
LogPluginManager: Mounting plugin MaterialAnalyzer
LogPluginManager: Mounting plugin MobileLauncherProfileWizard
LogPluginManager: Mounting plugin PluginBrowser
LogPluginManager: Mounting plugin SpeedTreeImporter
LogPluginManager: Mounting plugin DatasmithContent
LogPluginManager: Mounting plugin VariantManagerContent
LogPluginManager: Mounting plugin AlembicImporter
LogPluginManager: Mounting plugin AppleImageUtils
LogPluginManager: Mounting plugin AppleVision
LogPluginManager: Mounting plugin BackChannel
LogPluginManager: Mounting plugin CharacterAI
LogPluginManager: Mounting plugin GeometryCache
LogPluginManager: Mounting plugin HTML5Networking
LogPluginManager: Mounting plugin ProxyLODPlugin
LogPluginManager: Mounting plugin SkeletalReduction
LogPluginManager: Mounting plugin MagicLeap
LogPluginManager: Mounting plugin MagicLeapMedia
LogPluginManager: Mounting plugin AndroidMedia
LogPluginManager: Mounting plugin AvfMedia
LogPluginManager: Mounting plugin ImgMedia
LogPluginManager: Mounting plugin LinearTimecode
LogPluginManager: Mounting plugin MediaCompositing
LogPluginManager: Mounting plugin MediaPlayerEditor
LogPluginManager: Mounting plugin WebMMedia
LogPluginManager: Mounting plugin WmfMedia
LogPluginManager: Mounting plugin TcpMessaging
LogPluginManager: Mounting plugin UdpMessaging
LogPluginManager: Mounting plugin ActorSequence
LogPluginManager: Mounting plugin LevelSequenceEditor
LogPluginManager: Mounting plugin MatineeToLevelSequence
LogPluginManager: Mounting plugin NetcodeUnitTest
LogPluginManager: Mounting plugin NUTUnrealEngine4
LogPluginManager: Mounting plugin OnlineSubsystemGooglePlay
LogPluginManager: Mounting plugin OnlineSubsystemIOS
LogPluginManager: Mounting plugin OnlineSubsystem
LogPluginManager: Mounting plugin OnlineSubsystemNull
LogPluginManager: Mounting plugin OnlineSubsystemUtils
LogPluginManager: Mounting plugin LauncherChunkInstaller
LogPluginManager: Mounting plugin AndroidDeviceProfileSelector
LogPluginManager: Mounting plugin AndroidMoviePlayer
LogPluginManager: Mounting plugin AndroidPermission
LogPluginManager: Mounting plugin AppleMoviePlayer
LogPluginManager: Mounting plugin ArchVisCharacter
LogPluginManager: Mounting plugin AudioCapture
LogPluginManager: Mounting plugin CableComponent
LogPluginManager: Mounting plugin CustomMeshComponent
LogPluginManager: Mounting plugin EditableMesh
LogPluginManager: Mounting plugin ExampleDeviceProfileSelector
LogPluginManager: Mounting plugin Firebase
LogPluginManager: Mounting plugin GoogleCloudMessaging
LogPluginManager: Mounting plugin IOSDeviceProfileSelector
LogPluginManager: Mounting plugin LinuxDeviceProfileSelector
LogPluginManager: Mounting plugin LocationServicesBPLibrary
LogPluginManager: Mounting plugin MobilePatchingUtils
LogPluginManager: Mounting plugin OculusVR
LogPluginManager: Mounting plugin PhysXVehicles
LogPluginManager: Mounting plugin ProceduralMeshComponent
LogPluginManager: Mounting plugin RuntimePhysXCooking
LogPluginManager: Mounting plugin SignificanceManager
LogPluginManager: Mounting plugin SteamVR
LogPluginManager: Mounting plugin WebMMoviePlayer
LogPluginManager: Mounting plugin WindowsMoviePlayer
LogInit: Using libcurl 7.55.1-DEV
LogInit:  - built for x86_64-pc-win32
LogInit:  - supports SSL with OpenSSL/1.1.1
LogInit:  - supports HTTP deflate (compression) using libz 1.2.8
LogInit:  - other features:
LogInit:      CURL_VERSION_SSL
LogInit:      CURL_VERSION_LIBZ
LogInit:      CURL_VERSION_IPV6
LogInit:      CURL_VERSION_ASYNCHDNS
LogInit:      CURL_VERSION_LARGEFILE
LogInit:      CURL_VERSION_IDN
LogInit:  CurlRequestOptions (configurable via config and command line):
LogInit:  - bVerifyPeer = true  - Libcurl will verify peer certificate
LogInit:  - bUseHttpProxy = false  - Libcurl will NOT use HTTP proxy
LogInit:  - bDontReuseConnections = false  - Libcurl will reuse connections
LogInit:  - MaxHostConnections = 16  - Libcurl will limit the number of connections to a host
LogInit:  - LocalHostAddr = Default
LogInit:  - BufferSize = 65536
LogInit: WinSock: version 1.1 (2.2), MaxSocks=32767, MaxUdp=65467
LogInit: Build: ++UE4+Release-4.22-CL-5660361
LogInit: Engine Version: 4.22.0-5660361+++UE4+Release-4.22
LogInit: Compatible Engine Version: 4.22.0-5660361+++UE4+Release-4.22
LogInit: Net CL: 5660361
LogInit: OS: Windows 10 (Release 1803) (), CPU: Intel(R) Core(TM) i7-6500U CPU @ 2.50GHz, GPU: Intel(R) HD Graphics 520
LogInit: Compiled (64-bit): Mar 31 2019 02:05:09
LogInit: Compiled with Visual C++: 19.16.27025.01
LogInit: Build Configuration: Development
LogInit: Branch Name: ++UE4+Release-4.22
LogInit: Command Line: 
LogInit: Base Directory: C:/Program Files/Epic Games/UE_4.22/Engine/Binaries/Win64/
LogInit: Installed Engine Build: 1
LogDevObjectVersion: Number of dev versions registered: 23
LogDevObjectVersion:   Dev-Blueprints (B0D832E4-1F89-4F0D-ACCF-7EB736FD4AA2): 10
LogDevObjectVersion:   Dev-Build (E1C64328-A22C-4D53-A36C-8E866417BD8C): 0
LogDevObjectVersion:   Dev-Core (375EC13C-06E4-48FB-B500-84F0262A717E): 3
LogDevObjectVersion:   Dev-Editor (E4B068ED-F494-42E9-A231-DA0B2E46BB41): 30
LogDevObjectVersion:   Dev-Framework (CFFC743F-43B0-4480-9391-14DF171D2073): 35
LogDevObjectVersion:   Dev-Mobile (B02B49B5-BB20-44E9-A304-32B752E40360): 2
LogDevObjectVersion:   Dev-Networking (A4E4105C-59A1-49B5-A7C5-40C4547EDFEE): 0
LogDevObjectVersion:   Dev-Online (39C831C9-5AE6-47DC-9A44-9C173E1C8E7C): 0
LogDevObjectVersion:   Dev-Physics (78F01B33-EBEA-4F98-B9B4-84EACCB95AA2): 0
LogDevObjectVersion:   Dev-Platform (6631380F-2D4D-43E0-8009-CF276956A95A): 0
LogDevObjectVersion:   Dev-Rendering (12F88B9F-8875-4AFC-A67C-D90C383ABD29): 28
LogDevObjectVersion:   Dev-Sequencer (7B5AE74C-D270-4C10-A958-57980B212A5A): 11
LogDevObjectVersion:   Dev-VR (D7296918-1DD6-4BDD-9DE2-64A83CC13884): 2
LogDevObjectVersion:   Dev-LoadTimes (C2A15278-BFE7-4AFE-6C17-90FF531DF755): 1
LogDevObjectVersion:   Private-Geometry (6EACA3D4-40EC-4CC1-B786-8BED09428FC5): 3
LogDevObjectVersion:   Dev-AnimPhys (29E575DD-E0A3-4627-9D10-D276232CDCEA): 17
LogDevObjectVersion:   Dev-Anim (AF43A65D-7FD3-4947-9873-3E8ED9C1BB05): 2
LogDevObjectVersion:   Dev-ReflectionCapture (6B266CEC-1EC7-4B8F-A30B-E4D90942FC07): 1
LogDevObjectVersion:   Dev-Automation (0DF73D61-A23F-47EA-B727-89E90C41499A): 1
LogDevObjectVersion:   FortniteMain (601D1886-AC64-4F84-AA16-D3DE0DEAC7D6): 25
LogDevObjectVersion:   Dev-Enterprise (9DFFBCD6-494F-0158-E221-12823C92A888): 6
LogDevObjectVersion:   Dev-Niagara (F2AED0AC-9AFE-416F-8664-AA7FFA26D6FC): 1
LogDevObjectVersion:   Dev-Destruction (174F1F0B-B4C6-45A5-B13F-2EE8D0FB917D): 2
LogInit: Presizing for max 16777216 objects, including 0 objects not considered by GC, pre-allocating 0 bytes for permanent pool.
LogInit: Object subsystem initialized
LogConfig: Setting CVar [[con.DebugEarlyDefault:1]]
LogConfig: Setting CVar [[r.setres:1280x720]]
[2019.06.18-00.18.29:534][  0]LogConfig: Setting CVar [[r.VSync:0]]
[2019.06.18-00.18.29:534][  0]LogConfig: Setting CVar [[r.RHICmdBypass:0]]
[2019.06.18-00.18.29:534][  0]LogConfig: Applying CVar settings from Section [/Script/Engine.RendererSettings] File [C:/Users/anama/Documents/GitHub/CLONEJOURNEY/Saved/Config/Windows/Engine.ini]
[2019.06.18-00.18.29:534][  0]LogConfig: Setting CVar [[r.GPUCrashDebugging:0]]
[2019.06.18-00.18.29:534][  0]LogConfig: Applying CVar settings from Section [/Script/Engine.RendererOverrideSettings] File [C:/Users/anama/Documents/GitHub/CLONEJOURNEY/Saved/Config/Windows/Engine.ini]
[2019.06.18-00.18.29:534][  0]LogConfig: Applying CVar settings from Section [/Script/Engine.StreamingSettings] File [C:/Users/anama/Documents/GitHub/CLONEJOURNEY/Saved/Config/Windows/Engine.ini]
[2019.06.18-00.18.29:534][  0]LogConfig: Setting CVar [[s.MinBulkDataSizeForAsyncLoading:131072]]
[2019.06.18-00.18.29:534][  0]LogConfig: Setting CVar [[s.AsyncLoadingThreadEnabled:0]]
[2019.06.18-00.18.29:534][  0]LogConfig: Setting CVar [[s.EventDrivenLoaderEnabled:1]]
[2019.06.18-00.18.29:534][  0]LogConfig: Setting CVar [[s.WarnIfTimeLimitExceeded:0]]
[2019.06.18-00.18.29:534][  0]LogConfig: Setting CVar [[s.TimeLimitExceededMultiplier:1.5]]
[2019.06.18-00.18.29:534][  0]LogConfig: Setting CVar [[s.TimeLimitExceededMinTime:0.005]]
[2019.06.18-00.18.29:534][  0]LogConfig: Setting CVar [[s.UseBackgroundLevelStreaming:1]]
[2019.06.18-00.18.29:534][  0]LogConfig: Setting CVar [[s.PriorityAsyncLoadingExtraTime:15.0]]
[2019.06.18-00.18.29:534][  0]LogConfig: Setting CVar [[s.LevelStreamingActorsUpdateTimeLimit:5.0]]
[2019.06.18-00.18.29:534][  0]LogConfig: Setting CVar [[s.PriorityLevelStreamingActorsUpdateExtraTime:5.0]]
[2019.06.18-00.18.29:534][  0]LogConfig: Setting CVar [[s.LevelStreamingComponentsRegistrationGranularity:10]]
[2019.06.18-00.18.29:534][  0]LogConfig: Setting CVar [[s.UnregisterComponentsTimeLimit:1.0]]
[2019.06.18-00.18.29:534][  0]LogConfig: Setting CVar [[s.LevelStreamingComponentsUnregistrationGranularity:5]]
[2019.06.18-00.18.29:534][  0]LogConfig: Applying CVar settings from Section [/Script/Engine.GarbageCollectionSettings] File [C:/Users/anama/Documents/GitHub/CLONEJOURNEY/Saved/Config/Windows/Engine.ini]
[2019.06.18-00.18.29:534][  0]LogConfig: Setting CVar [[gc.MaxObjectsNotConsideredByGC:1]]
[2019.06.18-00.18.29:534][  0]LogConfig: Setting CVar [[gc.SizeOfPermanentObjectPool:0]]
[2019.06.18-00.18.29:534][  0]LogConfig: Setting CVar [[gc.FlushStreamingOnGC:0]]
[2019.06.18-00.18.29:534][  0]LogConfig: Setting CVar [[gc.NumRetriesBeforeForcingGC:10]]
[2019.06.18-00.18.29:534][  0]LogConfig: Setting CVar [[gc.AllowParallelGC:1]]
[2019.06.18-00.18.29:534][  0]LogConfig: Setting CVar [[gc.TimeBetweenPurgingPendingKillObjects:61.1]]
[2019.06.18-00.18.29:534][  0]LogConfig: Setting CVar [[gc.MaxObjectsInEditor:16777216]]
[2019.06.18-00.18.29:534][  0]LogConfig: Setting CVar [[gc.IncrementalBeginDestroyEnabled:1]]
[2019.06.18-00.18.29:534][  0]LogConfig: Setting CVar [[gc.CreateGCClusters:1]]
[2019.06.18-00.18.29:534][  0]LogConfig: Setting CVar [[gc.MinGCClusterSize:5]]
[2019.06.18-00.18.29:534][  0]LogConfig: Setting CVar [[gc.ActorClusteringEnabled:0]]
[2019.06.18-00.18.29:534][  0]LogConfig: Setting CVar [[gc.BlueprintClusteringEnabled:0]]
[2019.06.18-00.18.29:534][  0]LogConfig: Setting CVar [[gc.UseDisregardForGCOnDedicatedServers:0]]
[2019.06.18-00.18.29:535][  0]LogConfig: Applying CVar settings from Section [/Script/Engine.NetworkSettings] File [C:/Users/anama/Documents/GitHub/CLONEJOURNEY/Saved/Config/Windows/Engine.ini]
[2019.06.18-00.18.29:535][  0]LogConfig: Applying CVar settings from Section [/Script/UnrealEd.CookerSettings] File [C:/Users/anama/Documents/GitHub/CLONEJOURNEY/Saved/Config/Windows/Engine.ini]
[2019.06.18-00.18.29:538][  0]LogConfig: Applying CVar settings from Section [ViewDistanceQuality@3] File [C:/Users/anama/Documents/GitHub/CLONEJOURNEY/Saved/Config/Windows/Scalability.ini]
[2019.06.18-00.18.29:538][  0]LogConfig: Setting CVar [[r.SkeletalMeshLODBias:0]]
[2019.06.18-00.18.29:538][  0]LogConfig: Setting CVar [[r.ViewDistanceScale:1.0]]
[2019.06.18-00.18.29:538][  0]LogConfig: Applying CVar settings from Section [AntiAliasingQuality@3] File [C:/Users/anama/Documents/GitHub/CLONEJOURNEY/Saved/Config/Windows/Scalability.ini]
[2019.06.18-00.18.29:538][  0]LogConfig: Setting CVar [[r.PostProcessAAQuality:4]]
[2019.06.18-00.18.29:538][  0]LogConfig: Applying CVar settings from Section [ShadowQuality@3] File [C:/Users/anama/Documents/GitHub/CLONEJOURNEY/Saved/Config/Windows/Scalability.ini]
[2019.06.18-00.18.29:538][  0]LogConfig: Setting CVar [[r.LightFunctionQuality:1]]
[2019.06.18-00.18.29:538][  0]LogConfig: Setting CVar [[r.ShadowQuality:5]]
[2019.06.18-00.18.29:538][  0]LogConfig: Setting CVar [[r.Shadow.CSM.MaxCascades:10]]
[2019.06.18-00.18.29:538][  0]LogConfig: Setting CVar [[r.Shadow.MaxResolution:2048]]
[2019.06.18-00.18.29:538][  0]LogConfig: Setting CVar [[r.Shadow.MaxCSMResolution:2048]]
[2019.06.18-00.18.29:538][  0]LogConfig: Setting CVar [[r.Shadow.RadiusThreshold:0.01]]
[2019.06.18-00.18.29:538][  0]LogConfig: Setting CVar [[r.Shadow.DistanceScale:1.0]]
[2019.06.18-00.18.29:538][  0]LogConfig: Setting CVar [[r.Shadow.CSM.TransitionScale:1.0]]
[2019.06.18-00.18.29:538][  0]LogConfig: Setting CVar [[r.Shadow.PreShadowResolutionFactor:1.0]]
[2019.06.18-00.18.29:538][  0]LogConfig: Setting CVar [[r.DistanceFieldShadowing:1]]
[2019.06.18-00.18.29:538][  0]LogConfig: Setting CVar [[r.DistanceFieldAO:1]]
[2019.06.18-00.18.29:538][  0]LogConfig: Setting CVar [[r.AOQuality:2]]
[2019.06.18-00.18.29:538][  0]LogConfig: Setting CVar [[r.VolumetricFog:1]]
[2019.06.18-00.18.29:538][  0]LogConfig: Setting CVar [[r.VolumetricFog.GridPixelSize:8]]
[2019.06.18-00.18.29:538][  0]LogConfig: Setting CVar [[r.VolumetricFog.GridSizeZ:128]]
[2019.06.18-00.18.29:538][  0]LogConfig: Setting CVar [[r.VolumetricFog.HistoryMissSupersampleCount:4]]
[2019.06.18-00.18.29:538][  0]LogConfig: Setting CVar [[r.LightMaxDrawDistanceScale:1]]
[2019.06.18-00.18.29:538][  0]LogConfig: Setting CVar [[r.CapsuleShadows:1]]
[2019.06.18-00.18.29:538][  0]LogConfig: Applying CVar settings from Section [PostProcessQuality@3] File [C:/Users/anama/Documents/GitHub/CLONEJOURNEY/Saved/Config/Windows/Scalability.ini]
[2019.06.18-00.18.29:538][  0]LogConfig: Setting CVar [[r.MotionBlurQuality:4]]
[2019.06.18-00.18.29:539][  0]LogConfig: Setting CVar [[r.AmbientOcclusionMipLevelFactor:0.4]]
[2019.06.18-00.18.29:539][  0]LogConfig: Setting CVar [[r.AmbientOcclusionMaxQuality:100]]
[2019.06.18-00.18.29:539][  0]LogConfig: Setting CVar [[r.AmbientOcclusionLevels:-1]]
[2019.06.18-00.18.29:539][  0]LogConfig: Setting CVar [[r.AmbientOcclusionRadiusScale:1.0]]
[2019.06.18-00.18.29:539][  0]LogConfig: Setting CVar [[r.DepthOfFieldQuality:2]]
[2019.06.18-00.18.29:539][  0]LogConfig: Setting CVar [[r.RenderTargetPoolMin:400]]
[2019.06.18-00.18.29:539][  0]LogConfig: Setting CVar [[r.LensFlareQuality:2]]
[2019.06.18-00.18.29:539][  0]LogConfig: Setting CVar [[r.SceneColorFringeQuality:1]]
[2019.06.18-00.18.29:539][  0]LogConfig: Setting CVar [[r.EyeAdaptationQuality:2]]
[2019.06.18-00.18.29:539][  0]LogConfig: Setting CVar [[r.BloomQuality:5]]
[2019.06.18-00.18.29:539][  0]LogConfig: Setting CVar [[r.FastBlurThreshold:100]]
[2019.06.18-00.18.29:539][  0]LogConfig: Setting CVar [[r.Upscale.Quality:3]]
[2019.06.18-00.18.29:539][  0]LogConfig: Setting CVar [[r.Tonemapper.GrainQuantization:1]]
[2019.06.18-00.18.29:539][  0]LogConfig: Setting CVar [[r.LightShaftQuality:1]]
[2019.06.18-00.18.29:539][  0]LogConfig: Setting CVar [[r.Filter.SizeScale:1]]
[2019.06.18-00.18.29:539][  0]LogConfig: Setting CVar [[r.Tonemapper.Quality:5]]
[2019.06.18-00.18.29:539][  0]LogConfig: Setting CVar [[r.DOF.Gather.AccumulatorQuality:1        ; higher gathering accumulator quality]]
[2019.06.18-00.18.29:539][  0]LogConfig: Setting CVar [[r.DOF.Gather.PostfilterMethod:1          ; Median3x3 postfilering method]]
[2019.06.18-00.18.29:539][  0]LogConfig: Setting CVar [[r.DOF.Gather.EnableBokehSettings:0       ; no bokeh simulation when gathering]]
[2019.06.18-00.18.29:539][  0]LogConfig: Setting CVar [[r.DOF.Gather.RingCount:4                 ; medium number of samples when gathering]]
[2019.06.18-00.18.29:539][  0]LogConfig: Setting CVar [[r.DOF.Scatter.ForegroundCompositing:1    ; additive foreground scattering]]
[2019.06.18-00.18.29:539][  0]LogConfig: Setting CVar [[r.DOF.Scatter.BackgroundCompositing:2    ; additive background scattering]]
[2019.06.18-00.18.29:539][  0]LogConfig: Setting CVar [[r.DOF.Scatter.EnableBokehSettings:1      ; bokeh simulation when scattering]]
[2019.06.18-00.18.29:539][  0]LogConfig: Setting CVar [[r.DOF.Scatter.MaxSpriteRatio:0.1         ; only a maximum of 10% of scattered bokeh]]
[2019.06.18-00.18.29:539][  0]LogConfig: Setting CVar [[r.DOF.Recombine.Quality:1                ; cheap slight out of focus]]
[2019.06.18-00.18.29:539][  0]LogConfig: Setting CVar [[r.DOF.Recombine.EnableBokehSettings:0    ; no bokeh simulation on slight out of focus]]
[2019.06.18-00.18.29:539][  0]LogConfig: Setting CVar [[r.DOF.TemporalAAQuality:1                ; more stable temporal accumulation]]
[2019.06.18-00.18.29:539][  0]LogConfig: Setting CVar [[r.DOF.Kernel.MaxForegroundRadius:0.025]]
[2019.06.18-00.18.29:539][  0]LogConfig: Setting CVar [[r.DOF.Kernel.MaxBackgroundRadius:0.025]]
[2019.06.18-00.18.29:539][  0]LogConfig: Applying CVar settings from Section [TextureQuality@3] File [C:/Users/anama/Documents/GitHub/CLONEJOURNEY/Saved/Config/Windows/Scalability.ini]
[2019.06.18-00.18.29:539][  0]LogConfig: Setting CVar [[r.Streaming.MipBias:0]]
[2019.06.18-00.18.29:539][  0]LogConfig: Setting CVar [[r.Streaming.AmortizeCPUToGPUCopy:0]]
[2019.06.18-00.18.29:539][  0]LogConfig: Setting CVar [[r.Streaming.MaxNumTexturesToStreamPerFrame:0]]
[2019.06.18-00.18.29:539][  0]LogConfig: Setting CVar [[r.Streaming.Boost:1]]
[2019.06.18-00.18.29:539][  0]LogConfig: Setting CVar [[r.MaxAnisotropy:8]]
[2019.06.18-00.18.29:539][  0]LogConfig: Setting CVar [[r.Streaming.LimitPoolSizeToVRAM:0]]
[2019.06.18-00.18.29:539][  0]LogConfig: Setting CVar [[r.Streaming.PoolSize:1000]]
[2019.06.18-00.18.29:539][  0]LogConfig: Setting CVar [[r.Streaming.MaxEffectiveScreenSize:0]]
[2019.06.18-00.18.29:539][  0]LogConfig: Applying CVar settings from Section [EffectsQuality@3] File [C:/Users/anama/Documents/GitHub/CLONEJOURNEY/Saved/Config/Windows/Scalability.ini]
[2019.06.18-00.18.29:539][  0]LogConfig: Setting CVar [[r.TranslucencyLightingVolumeDim:64]]
[2019.06.18-00.18.29:539][  0]LogConfig: Setting CVar [[r.RefractionQuality:2]]
[2019.06.18-00.18.29:539][  0]LogConfig: Setting CVar [[r.SSR.Quality:3]]
[2019.06.18-00.18.29:539][  0]LogConfig: Setting CVar [[r.SceneColorFormat:4]]
[2019.06.18-00.18.29:539][  0]LogConfig: Setting CVar [[r.DetailMode:2]]
[2019.06.18-00.18.29:539][  0]LogConfig: Setting CVar [[r.TranslucencyVolumeBlur:1]]
[2019.06.18-00.18.29:539][  0]LogConfig: Setting CVar [[r.MaterialQualityLevel:1 ; High quality]]
[2019.06.18-00.18.29:539][  0]LogConfig: Setting CVar [[r.SSS.Scale:1]]
[2019.06.18-00.18.29:539][  0]LogConfig: Setting CVar [[r.SSS.SampleSet:2]]
[2019.06.18-00.18.29:539][  0]LogConfig: Setting CVar [[r.SSS.Quality:1]]
[2019.06.18-00.18.29:539][  0]LogConfig: Setting CVar [[r.SSS.HalfRes:1]]
[2019.06.18-00.18.29:539][  0]LogConfig: Setting CVar [[r.EmitterSpawnRateScale:1.0]]
[2019.06.18-00.18.29:539][  0]LogConfig: Setting CVar [[r.ParticleLightQuality:2]]
[2019.06.18-00.18.29:539][  0]LogConfig: Applying CVar settings from Section [FoliageQuality@3] File [C:/Users/anama/Documents/GitHub/CLONEJOURNEY/Saved/Config/Windows/Scalability.ini]
[2019.06.18-00.18.29:539][  0]LogConfig: Setting CVar [[foliage.DensityScale:1.0]]
[2019.06.18-00.18.29:540][  0]LogConfig: Setting CVar [[grass.DensityScale:1.0]]
[2019.06.18-00.18.29:540][  0]LogInit: Selected Device Profile: [Windows]
[2019.06.18-00.18.29:540][  0]LogInit: Applying CVar settings loaded from the selected device profile: [Windows]
[2019.06.18-00.18.29:555][  0]LogHAL: Display: Platform has ~ 16 GB [17066438656 / 17179869184 / 16], which maps to Larger [LargestMinGB=32, LargerMinGB=12, DefaultMinGB=8, SmallerMinGB=6, SmallestMinGB=0)
[2019.06.18-00.18.29:555][  0]LogConfig: Setting CVar [[r.Vulkan.UseRealUBs:0		; Required until we fix HLR fall-out]]
[2019.06.18-00.18.29:555][  0]LogInit: Going up to parent DeviceProfile []
[2019.06.18-00.18.29:555][  0]LogConfig: Applying CVar settings from Section [ViewDistanceQuality@3] File [C:/Users/anama/Documents/GitHub/CLONEJOURNEY/Saved/Config/Windows/Scalability.ini]
[2019.06.18-00.18.29:555][  0]LogConfig: Setting CVar [[r.SkeletalMeshLODBias:0]]
[2019.06.18-00.18.29:555][  0]LogConfig: Setting CVar [[r.ViewDistanceScale:1.0]]
[2019.06.18-00.18.29:555][  0]LogConfig: Applying CVar settings from Section [AntiAliasingQuality@3] File [C:/Users/anama/Documents/GitHub/CLONEJOURNEY/Saved/Config/Windows/Scalability.ini]
[2019.06.18-00.18.29:555][  0]LogConfig: Setting CVar [[r.PostProcessAAQuality:4]]
[2019.06.18-00.18.29:555][  0]LogConfig: Applying CVar settings from Section [ShadowQuality@3] File [C:/Users/anama/Documents/GitHub/CLONEJOURNEY/Saved/Config/Windows/Scalability.ini]
[2019.06.18-00.18.29:555][  0]LogConfig: Setting CVar [[r.LightFunctionQuality:1]]
[2019.06.18-00.18.29:555][  0]LogConfig: Setting CVar [[r.ShadowQuality:5]]
[2019.06.18-00.18.29:555][  0]LogConfig: Setting CVar [[r.Shadow.CSM.MaxCascades:10]]
[2019.06.18-00.18.29:555][  0]LogConfig: Setting CVar [[r.Shadow.MaxResolution:2048]]
[2019.06.18-00.18.29:555][  0]LogConfig: Setting CVar [[r.Shadow.MaxCSMResolution:2048]]
[2019.06.18-00.18.29:555][  0]LogConfig: Setting CVar [[r.Shadow.RadiusThreshold:0.01]]
[2019.06.18-00.18.29:555][  0]LogConfig: Setting CVar [[r.Shadow.DistanceScale:1.0]]
[2019.06.18-00.18.29:555][  0]LogConfig: Setting CVar [[r.Shadow.CSM.TransitionScale:1.0]]
[2019.06.18-00.18.29:555][  0]LogConfig: Setting CVar [[r.Shadow.PreShadowResolutionFactor:1.0]]
[2019.06.18-00.18.29:555][  0]LogConfig: Setting CVar [[r.DistanceFieldShadowing:1]]
[2019.06.18-00.18.29:555][  0]LogConfig: Setting CVar [[r.DistanceFieldAO:1]]
[2019.06.18-00.18.29:555][  0]LogConfig: Setting CVar [[r.AOQuality:2]]
[2019.06.18-00.18.29:555][  0]LogConfig: Setting CVar [[r.VolumetricFog:1]]
[2019.06.18-00.18.29:555][  0]LogConfig: Setting CVar [[r.VolumetricFog.GridPixelSize:8]]
[2019.06.18-00.18.29:555][  0]LogConfig: Setting CVar [[r.VolumetricFog.GridSizeZ:128]]
[2019.06.18-00.18.29:555][  0]LogConfig: Setting CVar [[r.VolumetricFog.HistoryMissSupersampleCount:4]]
[2019.06.18-00.18.29:555][  0]LogConfig: Setting CVar [[r.LightMaxDrawDistanceScale:1]]
[2019.06.18-00.18.29:555][  0]LogConfig: Setting CVar [[r.CapsuleShadows:1]]
[2019.06.18-00.18.29:555][  0]LogConfig: Applying CVar settings from Section [PostProcessQuality@3] File [C:/Users/anama/Documents/GitHub/CLONEJOURNEY/Saved/Config/Windows/Scalability.ini]
[2019.06.18-00.18.29:555][  0]LogConfig: Setting CVar [[r.MotionBlurQuality:4]]
[2019.06.18-00.18.29:555][  0]LogConfig: Setting CVar [[r.AmbientOcclusionMipLevelFactor:0.4]]
[2019.06.18-00.18.29:555][  0]LogConfig: Setting CVar [[r.AmbientOcclusionMaxQuality:100]]
[2019.06.18-00.18.29:555][  0]LogConfig: Setting CVar [[r.AmbientOcclusionLevels:-1]]
[2019.06.18-00.18.29:555][  0]LogConfig: Setting CVar [[r.AmbientOcclusionRadiusScale:1.0]]
[2019.06.18-00.18.29:555][  0]LogConfig: Setting CVar [[r.DepthOfFieldQuality:2]]
[2019.06.18-00.18.29:555][  0]LogConfig: Setting CVar [[r.RenderTargetPoolMin:400]]
[2019.06.18-00.18.29:555][  0]LogConfig: Setting CVar [[r.LensFlareQuality:2]]
[2019.06.18-00.18.29:555][  0]LogConfig: Setting CVar [[r.SceneColorFringeQuality:1]]
[2019.06.18-00.18.29:556][  0]LogConfig: Setting CVar [[r.EyeAdaptationQuality:2]]
[2019.06.18-00.18.29:556][  0]LogConfig: Setting CVar [[r.BloomQuality:5]]
[2019.06.18-00.18.29:556][  0]LogConfig: Setting CVar [[r.FastBlurThreshold:100]]
[2019.06.18-00.18.29:556][  0]LogConfig: Setting CVar [[r.Upscale.Quality:3]]
[2019.06.18-00.18.29:556][  0]LogConfig: Setting CVar [[r.Tonemapper.GrainQuantization:1]]
[2019.06.18-00.18.29:556][  0]LogConfig: Setting CVar [[r.LightShaftQuality:1]]
[2019.06.18-00.18.29:556][  0]LogConfig: Setting CVar [[r.Filter.SizeScale:1]]
[2019.06.18-00.18.29:556][  0]LogConfig: Setting CVar [[r.Tonemapper.Quality:5]]
[2019.06.18-00.18.29:556][  0]LogConfig: Setting CVar [[r.DOF.Gather.AccumulatorQuality:1        ; higher gathering accumulator quality]]
[2019.06.18-00.18.29:556][  0]LogConfig: Setting CVar [[r.DOF.Gather.PostfilterMethod:1          ; Median3x3 postfilering method]]
[2019.06.18-00.18.29:556][  0]LogConfig: Setting CVar [[r.DOF.Gather.EnableBokehSettings:0       ; no bokeh simulation when gathering]]
[2019.06.18-00.18.29:556][  0]LogConfig: Setting CVar [[r.DOF.Gather.RingCount:4                 ; medium number of samples when gathering]]
[2019.06.18-00.18.29:556][  0]LogConfig: Setting CVar [[r.DOF.Scatter.ForegroundCompositing:1    ; additive foreground scattering]]
[2019.06.18-00.18.29:556][  0]LogConfig: Setting CVar [[r.DOF.Scatter.BackgroundCompositing:2    ; additive background scattering]]
[2019.06.18-00.18.29:556][  0]LogConfig: Setting CVar [[r.DOF.Scatter.EnableBokehSettings:1      ; bokeh simulation when scattering]]
[2019.06.18-00.18.29:556][  0]LogConfig: Setting CVar [[r.DOF.Scatter.MaxSpriteRatio:0.1         ; only a maximum of 10% of scattered bokeh]]
[2019.06.18-00.18.29:556][  0]LogConfig: Setting CVar [[r.DOF.Recombine.Quality:1                ; cheap slight out of focus]]
[2019.06.18-00.18.29:556][  0]LogConfig: Setting CVar [[r.DOF.Recombine.EnableBokehSettings:0    ; no bokeh simulation on slight out of focus]]
[2019.06.18-00.18.29:556][  0]LogConfig: Setting CVar [[r.DOF.TemporalAAQuality:1                ; more stable temporal accumulation]]
[2019.06.18-00.18.29:556][  0]LogConfig: Setting CVar [[r.DOF.Kernel.MaxForegroundRadius:0.025]]
[2019.06.18-00.18.29:556][  0]LogConfig: Setting CVar [[r.DOF.Kernel.MaxBackgroundRadius:0.025]]
[2019.06.18-00.18.29:556][  0]LogConfig: Applying CVar settings from Section [TextureQuality@3] File [C:/Users/anama/Documents/GitHub/CLONEJOURNEY/Saved/Config/Windows/Scalability.ini]
[2019.06.18-00.18.29:556][  0]LogConfig: Setting CVar [[r.Streaming.MipBias:0]]
[2019.06.18-00.18.29:556][  0]LogConfig: Setting CVar [[r.Streaming.AmortizeCPUToGPUCopy:0]]
[2019.06.18-00.18.29:556][  0]LogConfig: Setting CVar [[r.Streaming.MaxNumTexturesToStreamPerFrame:0]]
[2019.06.18-00.18.29:556][  0]LogConfig: Setting CVar [[r.Streaming.Boost:1]]
[2019.06.18-00.18.29:556][  0]LogConfig: Setting CVar [[r.MaxAnisotropy:8]]
[2019.06.18-00.18.29:556][  0]LogConfig: Setting CVar [[r.Streaming.LimitPoolSizeToVRAM:0]]
[2019.06.18-00.18.29:556][  0]LogConfig: Setting CVar [[r.Streaming.PoolSize:1000]]
[2019.06.18-00.18.29:556][  0]LogConfig: Setting CVar [[r.Streaming.MaxEffectiveScreenSize:0]]
[2019.06.18-00.18.29:556][  0]LogConfig: Applying CVar settings from Section [EffectsQuality@3] File [C:/Users/anama/Documents/GitHub/CLONEJOURNEY/Saved/Config/Windows/Scalability.ini]
[2019.06.18-00.18.29:556][  0]LogConfig: Setting CVar [[r.TranslucencyLightingVolumeDim:64]]
[2019.06.18-00.18.29:556][  0]LogConfig: Setting CVar [[r.RefractionQuality:2]]
[2019.06.18-00.18.29:556][  0]LogConfig: Setting CVar [[r.SSR.Quality:3]]
[2019.06.18-00.18.29:556][  0]LogConfig: Setting CVar [[r.SceneColorFormat:4]]
[2019.06.18-00.18.29:556][  0]LogConfig: Setting CVar [[r.DetailMode:2]]
[2019.06.18-00.18.29:556][  0]LogConfig: Setting CVar [[r.TranslucencyVolumeBlur:1]]
[2019.06.18-00.18.29:556][  0]LogConfig: Setting CVar [[r.MaterialQualityLevel:1 ; High quality]]
[2019.06.18-00.18.29:556][  0]LogConfig: Setting CVar [[r.SSS.Scale:1]]
[2019.06.18-00.18.29:556][  0]LogConfig: Setting CVar [[r.SSS.SampleSet:2]]
[2019.06.18-00.18.29:556][  0]LogConfig: Setting CVar [[r.SSS.Quality:1]]
[2019.06.18-00.18.29:556][  0]LogConfig: Setting CVar [[r.SSS.HalfRes:1]]
[2019.06.18-00.18.29:556][  0]LogConfig: Setting CVar [[r.EmitterSpawnRateScale:1.0]]
[2019.06.18-00.18.29:556][  0]LogConfig: Setting CVar [[r.ParticleLightQuality:2]]
[2019.06.18-00.18.29:556][  0]LogConfig: Applying CVar settings from Section [FoliageQuality@3] File [C:/Users/anama/Documents/GitHub/CLONEJOURNEY/Saved/Config/Windows/Scalability.ini]
[2019.06.18-00.18.29:556][  0]LogConfig: Setting CVar [[foliage.DensityScale:1.0]]
[2019.06.18-00.18.29:556][  0]LogConfig: Setting CVar [[grass.DensityScale:1.0]]
[2019.06.18-00.18.29:557][  0]LogConfig: Applying CVar settings from Section [Startup] File [../../../Engine/Config/ConsoleVariables.ini]
[2019.06.18-00.18.29:557][  0]LogConfig: Setting CVar [[net.UseAdaptiveNetUpdateFrequency:0]]
[2019.06.18-00.18.29:557][  0]LogConfig: Setting CVar [[p.chaos.AllowCreatePhysxBodies:1]]
[2019.06.18-00.18.29:557][  0]LogConfig: Applying CVar settings from Section [ConsoleVariables] File [C:/Users/anama/Documents/GitHub/CLONEJOURNEY/Saved/Config/Windows/Engine.ini]
[2019.06.18-00.18.29:557][  0]LogInit: Computer: COMPANADESKTOP-
[2019.06.18-00.18.29:557][  0]LogInit: User: anama
[2019.06.18-00.18.29:557][  0]LogInit: CPU Page size=4096, Cores=2
[2019.06.18-00.18.29:557][  0]LogInit: High frequency timer resolution =2.531255 MHz
[2019.06.18-00.18.29:557][  0]LogMemory: Memory total: Physical=15.9GB (16GB approx)
[2019.06.18-00.18.29:557][  0]LogMemory: Platform Memory Stats for Windows
[2019.06.18-00.18.29:557][  0]LogMemory: Process Physical Memory: 99.56 MB used, 99.56 MB peak
[2019.06.18-00.18.29:557][  0]LogMemory: Process Virtual Memory: 89.82 MB used, 89.82 MB peak
[2019.06.18-00.18.29:557][  0]LogMemory: Physical Memory: 10978.82 MB used,  5297.01 MB free, 16275.82 MB total
[2019.06.18-00.18.29:557][  0]LogMemory: Virtual Memory: 4629.70 MB used,  134213096.00 MB free, 134217728.00 MB total
[2019.06.18-00.18.29:624][  0]LogInit: Using OS detected language (pt-BR).
[2019.06.18-00.18.29:624][  0]LogInit: Using OS detected locale (pt-BR).
[2019.06.18-00.18.29:680][  0]LogTextLocalizationResource: LocRes '../../../Engine/Content/Localization/Editor/pt/Editor.locres' could not be opened for reading!
[2019.06.18-00.18.29:680][  0]LogTextLocalizationResource: LocRes '../../../Engine/Content/Localization/EditorTutorials/pt/EditorTutorials.locres' could not be opened for reading!
[2019.06.18-00.18.29:681][  0]LogTextLocalizationResource: LocRes '../../../Engine/Content/Localization/Keywords/pt/Keywords.locres' could not be opened for reading!
[2019.06.18-00.18.29:681][  0]LogTextLocalizationResource: LocRes '../../../Engine/Content/Localization/Category/pt/Category.locres' could not be opened for reading!
[2019.06.18-00.18.29:681][  0]LogTextLocalizationResource: LocRes '../../../Engine/Content/Localization/ToolTips/pt/ToolTips.locres' could not be opened for reading!
[2019.06.18-00.18.29:681][  0]LogTextLocalizationResource: LocRes '../../../Engine/Content/Localization/PropertyNames/pt/PropertyNames.locres' could not be opened for reading!
[2019.06.18-00.18.29:681][  0]LogTextLocalizationResource: LocRes '../../../Engine/Content/Localization/Engine/pt/Engine.locres' could not be opened for reading!
[2019.06.18-00.18.29:681][  0]LogTextLocalizationResource: LocRes '../../../Engine/Plugins/Online/Android/OnlineSubsystemGooglePlay/Content/Localization/OnlineSubsystemGooglePlay/pt/OnlineSubsystemGooglePlay.locres' could not be opened for reading!
[2019.06.18-00.18.29:682][  0]LogTextLocalizationResource: LocRes '../../../Engine/Plugins/Online/IOS/OnlineSubsystemIOS/Content/Localization/OnlineSubsystemIOS/pt/OnlineSubsystemIOS.locres' could not be opened for reading!
[2019.06.18-00.18.29:682][  0]LogTextLocalizationResource: LocRes '../../../Engine/Plugins/Online/OnlineSubsystem/Content/Localization/OnlineSubsystem/pt/OnlineSubsystem.locres' could not be opened for reading!
[2019.06.18-00.18.29:682][  0]LogTextLocalizationResource: LocRes '../../../Engine/Plugins/Online/OnlineSubsystemUtils/Content/Localization/OnlineSubsystemUtils/pt/OnlineSubsystemUtils.locres' could not be opened for reading!
[2019.06.18-00.18.29:706][  0]LogInit: Setting process to per monitor DPI aware
[2019.06.18-00.18.29:760][  0]LogSlate: New Slate User Created.  User Index 0, Is Virtual User: 0
[2019.06.18-00.18.29:760][  0]LogSlate: Slate User Registered.  User Index 0, Is Virtual User: 0
[2019.06.18-00.18.30:195][  0]LogHMD: Failed to initialize OpenVR with code 110
[2019.06.18-00.18.30:195][  0]LogD3D11RHI: D3D11 adapters:
[2019.06.18-00.18.30:368][  0]LogD3D11RHI:    0. 'NVIDIA GeForce 930M' (Feature Level 11_0)
[2019.06.18-00.18.30:368][  0]LogD3D11RHI:       4055/0/8137 MB DedicatedVideo/DedicatedSystem/SharedSystem, Outputs:1, VendorId:0x10de
[2019.06.18-00.18.30:392][  0]LogD3D11RHI:    1. 'Intel(R) HD Graphics 520' (Feature Level 11_0)
[2019.06.18-00.18.30:393][  0]LogD3D11RHI:       128/0/8137 MB DedicatedVideo/DedicatedSystem/SharedSystem, Outputs:0, VendorId:0x8086
[2019.06.18-00.18.30:397][  0]LogD3D11RHI:    2. 'Microsoft Basic Render Driver' (Feature Level 11_0)
[2019.06.18-00.18.30:397][  0]LogD3D11RHI:       0/0/8137 MB DedicatedVideo/DedicatedSystem/SharedSystem, Outputs:0, VendorId:0x1414
[2019.06.18-00.18.30:397][  0]LogD3D11RHI: Chosen D3D11 Adapter: 0
[2019.06.18-00.18.30:466][  0]LogD3D11RHI: Creating new Direct3DDevice
[2019.06.18-00.18.30:466][  0]LogD3D11RHI:     GPU DeviceId: 0x1346 (for the marketing name, search the web for "GPU Device Id")
[2019.06.18-00.18.30:466][  0]LogWindows: EnumDisplayDevices:
[2019.06.18-00.18.30:466][  0]LogWindows:    0. 'Intel(R) HD Graphics 520' (P:1 D:1)
[2019.06.18-00.18.30:467][  0]LogWindows:    1. 'Intel(R) HD Graphics 520' (P:0 D:0)
[2019.06.18-00.18.30:467][  0]LogWindows:    2. 'Intel(R) HD Graphics 520' (P:0 D:0)
[2019.06.18-00.18.30:467][  0]LogWindows: DebugString: PrimaryIsNotTheChoosenAdapter PrimaryIsNotTheChoosenAdapter PrimaryIsNotTheChoosenAdapter FoundDriverCount:0 
[2019.06.18-00.18.30:467][  0]LogD3D11RHI:     Adapter Name: NVIDIA GeForce 930M
[2019.06.18-00.18.30:467][  0]LogD3D11RHI:   Driver Version: Unknown (internal:Unknown, unified:Unknown)
[2019.06.18-00.18.30:467][  0]LogD3D11RHI:      Driver Date: Unknown
[2019.06.18-00.18.30:467][  0]LogRHI: Texture pool is 2839 MB (70% of 4055 MB)
[2019.06.18-00.18.30:522][  0]LogD3D11RHI: Async texture creation enabled
[2019.06.18-00.18.30:528][  0]LogRendererCore: FGlobalReadBuffer::InitRHI
[2019.06.18-00.18.30:529][  0]LogRendererCore: FGlobalReadBuffer::InitRHI
[2019.06.18-00.18.30:529][  0]LogRendererCore: FGlobalReadBuffer::InitRHI
[2019.06.18-00.18.30:544][  0]LogD3D11RHI: GPU Timing Frequency: 1000.000000 (Debug: 2 2)
[2019.06.18-00.18.31:451][  0]LogTemp: Display: Module 'AllDesktopTargetPlatform' loaded TargetPlatform 'AllDesktop'
[2019.06.18-00.18.31:479][  0]LogTemp: Display: Module 'MacClientTargetPlatform' loaded TargetPlatform 'MacClient'
[2019.06.18-00.18.31:504][  0]LogTemp: Display: Module 'MacNoEditorTargetPlatform' loaded TargetPlatform 'MacNoEditor'
[2019.06.18-00.18.31:528][  0]LogTemp: Display: Module 'MacServerTargetPlatform' loaded TargetPlatform 'MacServer'
[2019.06.18-00.18.31:549][  0]LogTemp: Display: Module 'MacTargetPlatform' loaded TargetPlatform 'Mac'
[2019.06.18-00.18.31:569][  0]LogTemp: Display: Module 'WindowsClientTargetPlatform' loaded TargetPlatform 'WindowsClient'
[2019.06.18-00.18.31:589][  0]LogTemp: Display: Module 'WindowsNoEditorTargetPlatform' loaded TargetPlatform 'WindowsNoEditor'
[2019.06.18-00.18.31:608][  0]LogTemp: Display: Module 'WindowsServerTargetPlatform' loaded TargetPlatform 'WindowsServer'
[2019.06.18-00.18.31:618][  0]LogTemp: Display: Module 'WindowsTargetPlatform' loaded TargetPlatform 'Windows'
[2019.06.18-00.18.31:714][  0]LogTemp: Display: Module 'AndroidTargetPlatform' loaded TargetPlatform 'Android'
[2019.06.18-00.18.31:715][  0]LogTemp: Display: Module 'AndroidTargetPlatform' loaded TargetPlatform 'Android_ASTC'
[2019.06.18-00.18.31:715][  0]LogTemp: Display: Module 'AndroidTargetPlatform' loaded TargetPlatform 'Android_ATC'
[2019.06.18-00.18.31:715][  0]LogTemp: Display: Module 'AndroidTargetPlatform' loaded TargetPlatform 'Android_DXT'
[2019.06.18-00.18.31:715][  0]LogTemp: Display: Module 'AndroidTargetPlatform' loaded TargetPlatform 'Android_ETC1'
[2019.06.18-00.18.31:715][  0]LogTemp: Display: Module 'AndroidTargetPlatform' loaded TargetPlatform 'Android_ETC1a'
[2019.06.18-00.18.31:715][  0]LogTemp: Display: Module 'AndroidTargetPlatform' loaded TargetPlatform 'Android_ETC2'
[2019.06.18-00.18.31:715][  0]LogTemp: Display: Module 'AndroidTargetPlatform' loaded TargetPlatform 'Android_PVRTC'
[2019.06.18-00.18.31:715][  0]LogTemp: Display: Module 'AndroidTargetPlatform' loaded TargetPlatform 'AndroidClient'
[2019.06.18-00.18.31:715][  0]LogTemp: Display: Module 'AndroidTargetPlatform' loaded TargetPlatform 'Android_ASTCClient'
[2019.06.18-00.18.31:715][  0]LogTemp: Display: Module 'AndroidTargetPlatform' loaded TargetPlatform 'Android_ATCClient'
[2019.06.18-00.18.31:715][  0]LogTemp: Display: Module 'AndroidTargetPlatform' loaded TargetPlatform 'Android_DXTClient'
[2019.06.18-00.18.31:715][  0]LogTemp: Display: Module 'AndroidTargetPlatform' loaded TargetPlatform 'Android_ETC1Client'
[2019.06.18-00.18.31:715][  0]LogTemp: Display: Module 'AndroidTargetPlatform' loaded TargetPlatform 'Android_ETC1aClient'
[2019.06.18-00.18.31:715][  0]LogTemp: Display: Module 'AndroidTargetPlatform' loaded TargetPlatform 'Android_ETC2Client'
[2019.06.18-00.18.31:715][  0]LogTemp: Display: Module 'AndroidTargetPlatform' loaded TargetPlatform 'Android_PVRTCClient'
[2019.06.18-00.18.31:715][  0]LogTemp: Display: Module 'AndroidTargetPlatform' loaded TargetPlatform 'Android_Multi'
[2019.06.18-00.18.31:715][  0]LogTemp: Display: Module 'AndroidTargetPlatform' loaded TargetPlatform 'Android_MultiClient'
[2019.06.18-00.18.31:718][  0]LogTemp: Display: Module 'HTML5TargetPlatform' loaded TargetPlatform 'HTML5'
[2019.06.18-00.18.31:779][  0]LogTemp: Display: Module 'IOSTargetPlatform' loaded TargetPlatform 'IOSClient'
[2019.06.18-00.18.31:779][  0]LogTemp: Display: Module 'IOSTargetPlatform' loaded TargetPlatform 'IOS'
[2019.06.18-00.18.31:809][  0]LogTemp: Display: Module 'TVOSTargetPlatform' loaded TargetPlatform 'TVOSClient'
[2019.06.18-00.18.31:809][  0]LogTemp: Display: Module 'TVOSTargetPlatform' loaded TargetPlatform 'TVOS'
[2019.06.18-00.18.31:824][  0]LogTemp: Display: Module 'LinuxClientTargetPlatform' loaded TargetPlatform 'LinuxClient'
[2019.06.18-00.18.31:839][  0]LogTemp: Display: Module 'LinuxNoEditorTargetPlatform' loaded TargetPlatform 'LinuxNoEditor'
[2019.06.18-00.18.31:854][  0]LogTemp: Display: Module 'LinuxServerTargetPlatform' loaded TargetPlatform 'LinuxServer'
[2019.06.18-00.18.31:871][  0]LogTemp: Display: Module 'LinuxTargetPlatform' loaded TargetPlatform 'Linux'
[2019.06.18-00.18.31:924][  0]LogTemp: Display: Module 'LuminTargetPlatform' loaded TargetPlatform 'Lumin'
[2019.06.18-00.18.31:924][  0]LogTemp: Display: Module 'LuminTargetPlatform' loaded TargetPlatform 'LuminClient'
[2019.06.18-00.18.31:924][  0]LogTargetPlatformManager: Display: Building Assets For Windows
[2019.06.18-00.18.31:943][  0]LogAudioDebug: Display: Lib vorbis DLL was dynamically loaded.
[2019.06.18-00.18.32:044][  0]LogShaderCompilers: Guid format shader working directory is -13 characters bigger than the processId version (../../../../../../Users/anama/Documents/GitHub/CLONEJOURNEY/Intermediate/Shaders/WorkingDirectory/5700/).
[2019.06.18-00.18.32:045][  0]LogShaderCompilers: Cleaned the shader compiler working directory 'C:/Users/anama/AppData/Local/Temp/UnrealShaderWorkingDir/35972240414FCB9B3CFE48919D7A30BB/'.
[2019.06.18-00.18.32:049][  0]LogXGEController: Cleaning working directory: C:/Users/anama/AppData/Local/Temp/UnrealXGEWorkingDir/
[2019.06.18-00.18.32:050][  0]LogXGEController: Cannot use XGE Controller as Incredibuild is not installed on this machine.
[2019.06.18-00.18.32:050][  0]LogShaderCompilers: Cannot use XGE Shader Compiler as Incredibuild is not installed on this machine.
[2019.06.18-00.18.32:050][  0]LogShaderCompilers: Display: Using Local Shader Compiler.
[2019.06.18-00.18.32:793][  0]LogDerivedDataCache: Display: Max Cache Size: 512 MB
[2019.06.18-00.18.32:856][  0]LogDerivedDataCache: Loaded boot cache 0.06s 71MB C:/Users/anama/AppData/Local/UnrealEngine/4.22/DerivedDataCache/Boot.ddc.
[2019.06.18-00.18.32:856][  0]LogDerivedDataCache: Display: Loaded Boot cache: C:/Users/anama/AppData/Local/UnrealEngine/4.22/DerivedDataCache/Boot.ddc
[2019.06.18-00.18.32:856][  0]LogDerivedDataCache: FDerivedDataBackendGraph:  Pak pak cache file ../../../../../../Users/anama/Documents/GitHub/CLONEJOURNEY/DerivedDataCache/DDC.ddp not found, will not use a pak cache.
[2019.06.18-00.18.32:856][  0]LogDerivedDataCache: Unable to find inner node Pak for hierarchical cache Hierarchy.
[2019.06.18-00.18.32:856][  0]LogDerivedDataCache: FDerivedDataBackendGraph:  CompressedPak pak cache file ../../../../../../Users/anama/Documents/GitHub/CLONEJOURNEY/DerivedDataCache/Compressed.ddp not found, will not use a pak cache.
[2019.06.18-00.18.32:856][  0]LogDerivedDataCache: Unable to find inner node CompressedPak for hierarchical cache Hierarchy.
[2019.06.18-00.18.32:873][  0]LogDerivedDataCache: Display: Pak cache opened for reading ../../../Engine/DerivedDataCache/Compressed.ddp.
[2019.06.18-00.18.32:873][  0]LogDerivedDataCache: FDerivedDataBackendGraph:  EnterprisePak pak cache file ../../../Enterprise/DerivedDataCache/Compressed.ddp not found, will not use a pak cache.
[2019.06.18-00.18.32:873][  0]LogDerivedDataCache: Unable to find inner node EnterprisePak for hierarchical cache Hierarchy.
[2019.06.18-00.18.32:886][  0]LogDerivedDataCache: Using Local data cache path C:/Users/anama/AppData/Local/UnrealEngine/Common/DerivedDataCache: Writable
[2019.06.18-00.18.32:886][  0]LogDerivedDataCache: Shared data cache path not found in *engine.ini, will not use an Shared cache.
[2019.06.18-00.18.32:886][  0]LogDerivedDataCache: Unable to find inner node Shared for hierarchical cache Hierarchy.
[2019.06.18-00.18.32:918][  0]LogMaterial: Verifying Global Shaders for PCD3D_SM5
[2019.06.18-00.18.32:919][  0]LogSlate: Using FreeType 2.6.0
[2019.06.18-00.18.32:920][  0]LogSlate: SlateFontServices - WITH_FREETYPE: 1, WITH_HARFBUZZ: 1
[2019.06.18-00.18.33:044][  0]LogAssetRegistry: FAssetRegistry took 0.0362 seconds to start up
[2019.06.18-00.18.33:563][  0]LogInit: Selected Device Profile: [Windows]
[2019.06.18-00.18.33:750][  0]LogMeshReduction: Using QuadricMeshReduction for automatic static mesh reduction
[2019.06.18-00.18.33:750][  0]LogMeshReduction: Using SimplygonMeshReduction for automatic skeletal mesh reduction
[2019.06.18-00.18.33:750][  0]LogMeshReduction: Using ProxyLODMeshReduction for automatic mesh merging
[2019.06.18-00.18.33:750][  0]LogMeshReduction: No distributed automatic mesh merging module available
[2019.06.18-00.18.33:750][  0]LogMeshMerging: No distributed automatic mesh merging module available
[2019.06.18-00.18.33:770][  0]LogNetVersion: CLONEJOURNEY 1.0.0, NetCL: 5660361, EngineNetVer: 10, GameNetVer: 0 (Checksum: 2674495350)
[2019.06.18-00.18.34:425][  0]LogPackageLocalizationCache: Processed 10 localized package path(s) for 2 prioritized culture(s) in 0.174703 seconds
[2019.06.18-00.18.34:434][  0]LogUObjectArray: 42205 objects as part of root set at end of initial load.
[2019.06.18-00.18.34:434][  0]LogUObjectAllocator: 7325032 out of 0 bytes used by permanent object pool.
[2019.06.18-00.18.34:434][  0]LogUObjectArray: CloseDisregardForGC: 0/0 objects in disregard for GC pool
[2019.06.18-00.18.35:466][  0]LogWindowsTextInputMethodSystem: Display: IME system now deactivated.
[2019.06.18-00.18.35:807][  0]LogTcpMessaging: Initializing TcpMessaging bridge
[2019.06.18-00.18.35:822][  0]LogUdpMessaging: Initializing bridge on interface 0.0.0.0:0 to multicast group 230.0.0.1:6666.
[2019.06.18-00.18.35:971][  0]SourceControl: Controle de origem desativado
[2019.06.18-00.18.35:971][  0]SourceControl: Controle de origem desativado
[2019.06.18-00.18.35:975][  0]SourceControl: Controle de origem desativado
[2019.06.18-00.18.35:977][  0]SourceControl: Controle de origem desativado
[2019.06.18-00.18.35:990][  0]LogVSAccessor: Display: Unable to create Visual Studio setup instance: 80040154
[2019.06.18-00.18.35:990][  0]LogVSAccessor: Display: Unable to create Visual Studio setup instance: 80040154
[2019.06.18-00.18.36:115][  0]LogAndroidPermission: UAndroidPermissionCallbackProxy::GetInstance
[2019.06.18-00.18.36:215][  0]LogOcInput: OculusInput pre-init called
[2019.06.18-00.18.37:217][  0]LogEngine: Initializing Engine...
[2019.06.18-00.18.37:219][  0]LogHMD: Failed to initialize OpenVR with code 110
[2019.06.18-00.18.37:220][  0]LogStats: UGameplayTagsManager::InitializeManager -  0.000 s
[2019.06.18-00.18.37:477][  0]LogInit: Initializing FReadOnlyCVARCache
[2019.06.18-00.18.37:509][  0]LogAIModule: Creating AISystem for world Untitled
[2019.06.18-00.18.37:521][  0]LogInit: XAudio2 using 'Fones de ouvido / Alto falantes (Realtek High Definition Audio)' : 2 channels at 48 kHz using 32 bits per sample (channel mask 0x3)
[2019.06.18-00.18.38:060][  0]LogInit: FAudioDevice initialized.
[2019.06.18-00.18.38:061][  0]LogNetVersion: Set ProjectVersion to 1.0.0.0. Version Checksum will be recalculated on next use.
[2019.06.18-00.18.38:628][  0]LogDerivedDataCache: Saved boot cache 0.57s 71MB C:/Users/anama/AppData/Local/UnrealEngine/4.22/DerivedDataCache/Boot.ddc.
[2019.06.18-00.18.38:643][  0]LogInit: Texture streaming: Enabled
[2019.06.18-00.18.38:682][  0]LogEngineSessionManager: EngineSessionManager initialized
[2019.06.18-00.18.38:748][  0]LogEngineSessionManager: EngineSessionManager sent abnormal shutdown report. Type=AbnormalShutdown, SessionId={98E297C8-400F-62F0-C15A-47B0BF1B7AA3}
[2019.06.18-00.18.38:790][  0]LogInit: Transaction tracking system initialized
[2019.06.18-00.18.38:838][  0]BlueprintLog: New page: Carregar Editor
[2019.06.18-00.18.39:019][  0]LocalizationService: Localization service is disabled
[2019.06.18-00.18.39:199][  0]LogVSAccessor: Display: Unable to create Visual Studio setup instance: 80040154
[2019.06.18-00.18.39:200][  0]LogVSAccessor: Display: Unable to create Visual Studio setup instance: 80040154
[2019.06.18-00.18.39:477][  0]LogFileCache: Scanning file cache for directory 'C:/Users/anama/Documents/GitHub/CLONEJOURNEY/Content/' took 0.04s
[2019.06.18-00.18.39:478][  0]LogCook: Display: Max memory allowance for cook 16384mb min free memory 0mb
[2019.06.18-00.18.39:478][  0]LogCook: Display: Mobile HDR setting 1
[2019.06.18-00.18.39:812][  0]SourceControl: Controle de origem desativado
[2019.06.18-00.18.39:813][  0]Cmd: MAP LOAD FILE="../../../../../../Users/anama/Documents/GitHub/CLONEJOURNEY/Content/ThirdPersonBP/Maps/ThirdPersonExampleMap.umap" TEMPLATE=0 SHOWPROGRESS=1 FEATURELEVEL=3
[2019.06.18-00.18.39:813][  0]LightingResults: New page: Compilação de Iluminação
[2019.06.18-00.18.39:818][  0]MapCheck: New page: Verificação de Mapa
[2019.06.18-00.18.39:818][  0]LightingResults: New page: Compilação de Iluminação
[2019.06.18-00.18.39:853][  0]LogUObjectHash: Compacting FUObjectHashTables data took   1.94ms
[2019.06.18-00.18.40:236][  0]LogAIModule: Creating AISystem for world ThirdPersonExampleMap
[2019.06.18-00.18.40:247][  0]LogEditorServer: Finished looking for orphan Actors (0.000 secs)
[2019.06.18-00.18.40:282][  0]LogUObjectHash: Compacting FUObjectHashTables data took   2.34ms
[2019.06.18-00.18.40:282][  0]Cmd: MAP CHECKDEP NOCLEARLOG
[2019.06.18-00.18.40:282][  0]MapCheck: Map check complete: 0 Error(s), 0 Warning(s), took 0,184ms to complete.
[2019.06.18-00.18.40:282][  0]LogFileHelpers: Loading map 'ThirdPersonExampleMap' took 0.470
[2019.06.18-00.18.40:406][  0]LogSlate: Updating window title bar state: overlay mode, drag disabled, window buttons hidden, title bar hidden
[2019.06.18-00.18.40:417][  0]LogSlate: Updating window title bar state: overlay mode, drag disabled, window buttons hidden, title bar hidden
[2019.06.18-00.18.40:427][  0]LogSlate: Updating window title bar state: overlay mode, drag disabled, window buttons hidden, title bar hidden
[2019.06.18-00.18.40:437][  0]LogSlate: Updating window title bar state: overlay mode, drag disabled, window buttons hidden, title bar hidden
[2019.06.18-00.18.40:450][  0]LogCollectionManager: Loaded 0 collections in 0.004307 seconds
[2019.06.18-00.18.40:493][  0]LogFileCache: Scanning file cache for directory 'C:/Users/anama/Documents/GitHub/CLONEJOURNEY/Saved/Collections/' took 0.01s
[2019.06.18-00.18.40:493][  0]LogFileCache: Scanning file cache for directory 'C:/Users/anama/Documents/GitHub/CLONEJOURNEY/Content/Developers/anama/Collections/' took 0.01s
[2019.06.18-00.18.40:493][  0]LogFileCache: Scanning file cache for directory 'C:/Users/anama/Documents/GitHub/CLONEJOURNEY/Content/Collections/' took 0.01s
[2019.06.18-00.18.40:493][  0]LogCollectionManager: Rebuilt the GUID cache for 0 collections in 0.000001 seconds
[2019.06.18-00.18.40:504][  0]LogContentBrowser: Native class hierarchy populated in 0.0112 seconds. Added 2732 classes and 659 folders.
[2019.06.18-00.18.40:515][  0]LogContentBrowser: Native class hierarchy updated for 'WidgetCarousel' in 0.0003 seconds. Added 0 classes and 0 folders.
[2019.06.18-00.18.40:519][  0]LogPakFile: Registered encryption key '00000000000000000000000000000000': 0 pak files mounted, 0 remain pending
[2019.06.18-00.18.40:520][  0]LogPakFile: Registered encryption key '00000000000000000000000000000000': 0 pak files mounted, 0 remain pending
[2019.06.18-00.18.40:521][  0]LogPakFile: Registered encryption key '00000000000000000000000000000000': 0 pak files mounted, 0 remain pending
[2019.06.18-00.18.40:521][  0]LogPakFile: Registered encryption key '00000000000000000000000000000000': 0 pak files mounted, 0 remain pending
[2019.06.18-00.18.40:522][  0]LogPakFile: Registered encryption key '00000000000000000000000000000000': 0 pak files mounted, 0 remain pending
[2019.06.18-00.18.40:523][  0]LogPakFile: Registered encryption key '00000000000000000000000000000000': 0 pak files mounted, 0 remain pending
[2019.06.18-00.18.40:524][  0]LogPakFile: Registered encryption key '00000000000000000000000000000000': 0 pak files mounted, 0 remain pending
[2019.06.18-00.18.40:524][  0]LogPakFile: Registered encryption key '00000000000000000000000000000000': 0 pak files mounted, 0 remain pending
[2019.06.18-00.18.40:525][  0]LogPakFile: Registered encryption key '00000000000000000000000000000000': 0 pak files mounted, 0 remain pending
[2019.06.18-00.18.40:526][  0]LogPakFile: Registered encryption key '00000000000000000000000000000000': 0 pak files mounted, 0 remain pending
[2019.06.18-00.18.40:526][  0]LogPakFile: Registered encryption key '00000000000000000000000000000000': 0 pak files mounted, 0 remain pending
[2019.06.18-00.18.40:527][  0]LogPakFile: Registered encryption key '00000000000000000000000000000000': 0 pak files mounted, 0 remain pending
[2019.06.18-00.18.40:528][  0]LogPakFile: Registered encryption key '00000000000000000000000000000000': 0 pak files mounted, 0 remain pending
[2019.06.18-00.18.40:529][  0]LogPakFile: Registered encryption key '00000000000000000000000000000000': 0 pak files mounted, 0 remain pending
[2019.06.18-00.18.40:530][  0]LogPakFile: Registered encryption key '00000000000000000000000000000000': 0 pak files mounted, 0 remain pending
[2019.06.18-00.18.40:530][  0]LogPakFile: Registered encryption key '00000000000000000000000000000000': 0 pak files mounted, 0 remain pending
[2019.06.18-00.18.40:531][  0]LogPakFile: Registered encryption key '00000000000000000000000000000000': 0 pak files mounted, 0 remain pending
[2019.06.18-00.18.40:532][  0]LogPakFile: Registered encryption key '00000000000000000000000000000000': 0 pak files mounted, 0 remain pending
[2019.06.18-00.18.40:533][  0]LogPakFile: Registered encryption key '00000000000000000000000000000000': 0 pak files mounted, 0 remain pending
[2019.06.18-00.18.40:533][  0]LogPakFile: Registered encryption key '00000000000000000000000000000000': 0 pak files mounted, 0 remain pending
[2019.06.18-00.18.40:534][  0]LogPakFile: Registered encryption key '00000000000000000000000000000000': 0 pak files mounted, 0 remain pending
[2019.06.18-00.18.40:535][  0]LogPakFile: Registered encryption key '00000000000000000000000000000000': 0 pak files mounted, 0 remain pending
[2019.06.18-00.18.40:536][  0]LogPakFile: Registered encryption key '00000000000000000000000000000000': 0 pak files mounted, 0 remain pending
[2019.06.18-00.18.40:537][  0]LogPakFile: Registered encryption key '00000000000000000000000000000000': 0 pak files mounted, 0 remain pending
[2019.06.18-00.18.40:538][  0]LogPakFile: Registered encryption key '00000000000000000000000000000000': 0 pak files mounted, 0 remain pending
[2019.06.18-00.18.40:539][  0]LogPakFile: Registered encryption key '00000000000000000000000000000000': 0 pak files mounted, 0 remain pending
[2019.06.18-00.18.40:626][  0]LogContentBrowser: Native class hierarchy updated for 'AddContentDialog' in 0.0003 seconds. Added 0 classes and 0 folders.
[2019.06.18-00.18.40:635][  0]LogContentBrowser: Native class hierarchy updated for 'SceneOutliner' in 0.0004 seconds. Added 1 classes and 2 folders.
[2019.06.18-00.18.40:654][  0]LogSlate: Took 0.000407 seconds to synchronously load lazily loaded font '../../../Engine/Content/Slate/Fonts/Roboto-Regular.ttf' (155K)
[2019.06.18-00.18.40:658][  0]LogSlate: Took 0.000320 seconds to synchronously load lazily loaded font '../../../Engine/Content/Slate/Fonts/Roboto-Bold.ttf' (160K)
[2019.06.18-00.18.40:668][  0]LogSlate: Took 0.000536 seconds to synchronously load lazily loaded font '../../../Engine/Content/Editor/Slate/Fonts/FontAwesome.ttf' (139K)
[2019.06.18-00.18.40:761][  0]LogRenderer: Reallocating scene render targets to support 776x476 Format 10 NumSamples 1 (Frame:1).
[2019.06.18-00.18.41:067][  0]LogContentBrowser: Native class hierarchy updated for 'HierarchicalLODOutliner' in 0.0003 seconds. Added 0 classes and 0 folders.
[2019.06.18-00.18.41:067][  0]LogLoad: (Engine Initialization) Total time: 15.27 seconds
[2019.06.18-00.18.41:067][  0]LogLoad: (Engine Initialization) Total Blueprint compile time: 0.00 seconds
[2019.06.18-00.18.41:128][  0]LogAssetRegistry: Asset discovery search completed in 8.1069 seconds
[2019.06.18-00.18.41:131][  0]LogCollectionManager: Rebuilt the object cache for 0 collections in 0.000000 seconds (found 0 objects)
[2019.06.18-00.18.41:131][  0]LogCollectionManager: Fixed up redirectors for 0 collections in 0.000091 seconds (updated 0 objects)
[2019.06.18-00.18.41:132][  0]LogContentStreaming: Texture pool size now 1000 MB
[2019.06.18-00.18.41:144][  0]LogSlate: Took 0.000284 seconds to synchronously load lazily loaded font '../../../Engine/Content/Slate/Fonts/Roboto-Light.ttf' (167K)
[2019.06.18-00.18.51:327][606]LogSlate: FSceneViewport::OnFocusLost() reason 0
[2019.06.18-00.18.58:011][983]LogSlate: Took 0.000318 seconds to synchronously load lazily loaded font '../../../Engine/Content/Slate/Fonts/Roboto-Light.ttf' (167K)
[2019.06.18-00.19.04:918][983]LogTexture: Display: Building textures: HQ_Lightmap0_10 (AutoDXT, 256X256)
[2019.06.18-00.19.04:918][983]LogTexture: Display: Building textures: HQ_Lightmap0_1 (AutoDXT, 256X256)
[2019.06.18-00.19.04:918][983]LogTexture: Display: Building textures: HQ_Lightmap0_11 (AutoDXT, 256X256)
[2019.06.18-00.19.04:918][983]LogTexture: Display: Building textures: HQ_Lightmap0_12 (AutoDXT, 256X256)
[2019.06.18-00.19.04:918][983]LogTexture: Display: Building textures: HQ_Lightmap0_13 (AutoDXT, 256X256)
[2019.06.18-00.19.04:918][983]LogTexture: Display: Building textures: HQ_Lightmap0_14 (AutoDXT, 256X256)
[2019.06.18-00.19.04:918][983]LogTexture: Display: Building textures: HQ_Lightmap0_15 (AutoDXT, 256X256)
[2019.06.18-00.19.04:918][983]LogTexture: Display: Building textures: HQ_Lightmap0_16 (AutoDXT, 256X256)
[2019.06.18-00.19.04:918][983]LogTexture: Display: Building textures: HQ_Lightmap0_17 (AutoDXT, 128X128)
[2019.06.18-00.19.04:919][983]LogTexture: Display: Building textures: HQ_Lightmap0_18 (AutoDXT, 256X256)
[2019.06.18-00.19.04:919][983]LogTexture: Display: Building textures: HQ_Lightmap0_19 (AutoDXT, 256X256)
[2019.06.18-00.19.04:919][983]LogTexture: Display: Building textures: HQ_Lightmap0_2 (AutoDXT, 256X256)
[2019.06.18-00.19.04:919][983]LogTexture: Display: Building textures: HQ_Lightmap0_20 (AutoDXT, 256X256)
[2019.06.18-00.19.04:919][983]LogTexture: Display: Building textures: HQ_Lightmap0_21 (AutoDXT, 256X256)
[2019.06.18-00.19.04:919][983]LogTexture: Display: Building textures: HQ_Lightmap0_22 (AutoDXT, 256X256)
[2019.06.18-00.19.04:919][983]LogTexture: Display: Building textures: HQ_Lightmap0_23 (AutoDXT, 256X256)
[2019.06.18-00.19.04:919][983]LogTexture: Display: Building textures: HQ_Lightmap0_24 (AutoDXT, 256X256)
[2019.06.18-00.19.04:919][983]LogTexture: Display: Building textures: HQ_Lightmap0_25 (AutoDXT, 256X256)
[2019.06.18-00.19.04:919][983]LogTexture: Display: Building textures: HQ_Lightmap0_26 (AutoDXT, 256X256)
[2019.06.18-00.19.04:919][983]LogTexture: Display: Building textures: HQ_Lightmap0_27 (AutoDXT, 256X256)
[2019.06.18-00.19.04:919][983]LogTexture: Display: Building textures: HQ_Lightmap0_28 (AutoDXT, 256X256)
[2019.06.18-00.19.04:919][983]LogTexture: Display: Building textures: HQ_Lightmap0_29 (AutoDXT, 256X256)
[2019.06.18-00.19.04:919][983]LogTexture: Display: Building textures: HQ_Lightmap0_3 (AutoDXT, 256X256)
[2019.06.18-00.19.04:919][983]LogTexture: Display: Building textures: HQ_Lightmap0_30 (AutoDXT, 256X256)
[2019.06.18-00.19.04:919][983]LogTexture: Display: Building textures: HQ_Lightmap0_31 (AutoDXT, 256X256)
[2019.06.18-00.19.04:919][983]LogTexture: Display: Building textures: HQ_Lightmap0_32 (AutoDXT, 256X256)
[2019.06.18-00.19.04:919][983]LogTexture: Display: Building textures: HQ_Lightmap0_33 (AutoDXT, 256X256)
[2019.06.18-00.19.04:919][983]LogTexture: Display: Building textures: HQ_Lightmap0_34 (AutoDXT, 256X256)
[2019.06.18-00.19.04:919][983]LogTexture: Display: Building textures: HQ_Lightmap0_35 (AutoDXT, 256X256)
[2019.06.18-00.19.04:919][983]LogTexture: Display: Building textures: HQ_Lightmap0_36 (AutoDXT, 256X256)
[2019.06.18-00.19.04:919][983]LogTexture: Display: Building textures: HQ_Lightmap0_37 (AutoDXT, 128X128)
[2019.06.18-00.19.04:919][983]LogTexture: Display: Building textures: HQ_Lightmap0_39 (AutoDXT, 256X256)
[2019.06.18-00.19.04:919][983]LogTexture: Display: Building textures: HQ_Lightmap0_38 (AutoDXT, 256X256)
[2019.06.18-00.19.04:919][983]LogTexture: Display: Building textures: HQ_Lightmap0_4 (AutoDXT, 256X256)
[2019.06.18-00.19.04:919][983]LogTexture: Display: Building textures: HQ_Lightmap0_40 (AutoDXT, 256X256)
[2019.06.18-00.19.04:919][983]LogTexture: Display: Building textures: HQ_Lightmap0_41 (AutoDXT, 128X128)
[2019.06.18-00.19.04:919][983]LogTexture: Display: Building textures: HQ_Lightmap0_43 (AutoDXT, 128X128)
[2019.06.18-00.19.04:919][983]LogTexture: Display: Building textures: HQ_Lightmap0_42 (AutoDXT, 128X128)
[2019.06.18-00.19.04:919][983]LogTexture: Display: Building textures: HQ_Lightmap0_44 (AutoDXT, 128X128)
[2019.06.18-00.19.04:919][983]LogTexture: Display: Building textures: HQ_Lightmap0_46 (AutoDXT, 256X256)
[2019.06.18-00.19.04:919][983]LogTexture: Display: Building textures: HQ_Lightmap0_45 (AutoDXT, 256X256)
[2019.06.18-00.19.04:919][983]LogTexture: Display: Building textures: HQ_Lightmap0_47 (AutoDXT, 256X256)
[2019.06.18-00.19.04:919][983]LogTexture: Display: Building textures: HQ_Lightmap0_48 (AutoDXT, 256X256)
[2019.06.18-00.19.04:920][983]LogTexture: Display: Building textures: HQ_Lightmap0_49 (AutoDXT, 256X256)
[2019.06.18-00.19.04:920][983]LogTexture: Display: Building textures: HQ_Lightmap0_5 (AutoDXT, 128X128)
[2019.06.18-00.19.04:920][983]LogTexture: Display: Building textures: HQ_Lightmap0_50 (AutoDXT, 128X128)
[2019.06.18-00.19.04:920][983]LogTexture: Display: Building textures: HQ_Lightmap0_51 (AutoDXT, 256X256)
[2019.06.18-00.19.04:920][983]LogTexture: Display: Building textures: HQ_Lightmap0_52 (AutoDXT, 256X256)
[2019.06.18-00.19.04:920][983]LogTexture: Display: Building textures: HQ_Lightmap0_53 (AutoDXT, 256X256)
[2019.06.18-00.19.04:920][983]LogTexture: Display: Building textures: HQ_Lightmap0_54 (AutoDXT, 256X256)
[2019.06.18-00.19.04:920][983]LogTexture: Display: Building textures: HQ_Lightmap0_55 (AutoDXT, 256X256)
[2019.06.18-00.19.04:920][983]LogTexture: Display: Building textures: HQ_Lightmap0_56 (AutoDXT, 128X128)
[2019.06.18-00.19.04:920][983]LogTexture: Display: Building textures: HQ_Lightmap0_57 (AutoDXT, 256X256)
[2019.06.18-00.19.04:920][983]LogTexture: Display: Building textures: HQ_Lightmap0_58 (AutoDXT, 256X256)
[2019.06.18-00.19.04:920][983]LogTexture: Display: Building textures: HQ_Lightmap0_59 (AutoDXT, 256X256)
[2019.06.18-00.19.04:920][983]LogTexture: Display: Building textures: HQ_Lightmap0_6 (AutoDXT, 256X256)
[2019.06.18-00.19.04:920][983]LogTexture: Display: Building textures: HQ_Lightmap0_60 (AutoDXT, 256X256)
[2019.06.18-00.19.04:920][983]LogTexture: Display: Building textures: HQ_Lightmap0_61 (AutoDXT, 256X256)
[2019.06.18-00.19.04:920][983]LogTexture: Display: Building textures: HQ_Lightmap0_62 (AutoDXT, 256X256)
[2019.06.18-00.19.04:920][983]LogTexture: Display: Building textures: HQ_Lightmap0_63 (AutoDXT, 256X256)
[2019.06.18-00.19.04:920][983]LogTexture: Display: Building textures: HQ_Lightmap0_64 (AutoDXT, 128X128)
[2019.06.18-00.19.04:920][983]LogTexture: Display: Building textures: HQ_Lightmap0_65 (AutoDXT, 256X256)
[2019.06.18-00.19.04:920][983]LogTexture: Display: Building textures: HQ_Lightmap0_66 (AutoDXT, 128X128)
[2019.06.18-00.19.04:920][983]LogTexture: Display: Building textures: HQ_Lightmap0_67 (AutoDXT, 128X128)
[2019.06.18-00.19.04:920][983]LogTexture: Display: Building textures: HQ_Lightmap0_69 (AutoDXT, 128X128)
[2019.06.18-00.19.04:920][983]LogTexture: Display: Building textures: HQ_Lightmap0_68 (AutoDXT, 128X128)
[2019.06.18-00.19.04:920][983]LogTexture: Display: Building textures: HQ_Lightmap0_70 (AutoDXT, 64X64)
[2019.06.18-00.19.04:920][983]LogTexture: Display: Building textures: HQ_Lightmap0_8 (AutoDXT, 256X256)
[2019.06.18-00.19.04:920][983]LogTexture: Display: Building textures: HQ_Lightmap0_7 (AutoDXT, 256X256)
[2019.06.18-00.19.04:920][983]LogTexture: Display: Building textures: HQ_Lightmap0_9 (AutoDXT, 256X256)
[2019.06.18-00.19.04:920][983]LogTexture: Display: Building textures: LQ_Lightmap_0_1 (DXT1, 256X256)
[2019.06.18-00.19.04:920][983]LogTexture: Display: Building textures: LQ_Lightmap_0_10 (DXT1, 256X256)
[2019.06.18-00.19.04:920][983]LogTexture: Display: Building textures: LQ_Lightmap_0_11 (DXT1, 256X256)
[2019.06.18-00.19.04:920][983]LogTexture: Display: Building textures: LQ_Lightmap_0_12 (DXT1, 256X256)
[2019.06.18-00.19.04:920][983]LogTexture: Display: Building textures: LQ_Lightmap_0_13 (DXT1, 256X256)
[2019.06.18-00.19.04:920][983]LogTexture: Display: Building textures: LQ_Lightmap_0_14 (DXT1, 256X256)
[2019.06.18-00.19.04:920][983]LogTexture: Display: Building textures: LQ_Lightmap_0_15 (DXT1, 256X256)
[2019.06.18-00.19.04:920][983]LogTexture: Display: Building textures: LQ_Lightmap_0_16 (DXT1, 256X256)
[2019.06.18-00.19.04:921][983]LogTexture: Display: Building textures: LQ_Lightmap_0_17 (DXT1, 128X128)
[2019.06.18-00.19.04:921][983]LogTexture: Display: Building textures: LQ_Lightmap_0_18 (DXT1, 256X256)
[2019.06.18-00.19.04:921][983]LogTexture: Display: Building textures: LQ_Lightmap_0_19 (DXT1, 256X256)
[2019.06.18-00.19.04:921][983]LogTexture: Display: Building textures: LQ_Lightmap_0_2 (DXT1, 256X256)
[2019.06.18-00.19.04:921][983]LogTexture: Display: Building textures: LQ_Lightmap_0_20 (DXT1, 256X256)
[2019.06.18-00.19.04:921][983]LogTexture: Display: Building textures: LQ_Lightmap_0_21 (DXT1, 256X256)
[2019.06.18-00.19.04:921][983]LogTexture: Display: Building textures: LQ_Lightmap_0_22 (DXT1, 256X256)
[2019.06.18-00.19.04:921][983]LogTexture: Display: Building textures: LQ_Lightmap_0_23 (DXT1, 256X256)
[2019.06.18-00.19.04:921][983]LogTexture: Display: Building textures: LQ_Lightmap_0_24 (DXT1, 256X256)
[2019.06.18-00.19.04:921][983]LogTexture: Display: Building textures: LQ_Lightmap_0_25 (DXT1, 256X256)
[2019.06.18-00.19.04:921][983]LogTexture: Display: Building textures: LQ_Lightmap_0_26 (DXT1, 256X256)
[2019.06.18-00.19.04:921][983]LogTexture: Display: Building textures: LQ_Lightmap_0_27 (DXT1, 256X256)
[2019.06.18-00.19.04:921][983]LogTexture: Display: Building textures: LQ_Lightmap_0_28 (DXT1, 256X256)
[2019.06.18-00.19.04:921][983]LogTexture: Display: Building textures: LQ_Lightmap_0_29 (DXT1, 256X256)
[2019.06.18-00.19.04:921][983]LogTexture: Display: Building textures: LQ_Lightmap_0_3 (DXT1, 256X256)
[2019.06.18-00.19.04:921][983]LogTexture: Display: Building textures: LQ_Lightmap_0_30 (DXT1, 256X256)
[2019.06.18-00.19.04:921][983]LogTexture: Display: Building textures: LQ_Lightmap_0_31 (DXT1, 256X256)
[2019.06.18-00.19.04:921][983]LogTexture: Display: Building textures: LQ_Lightmap_0_32 (DXT1, 256X256)
[2019.06.18-00.19.04:921][983]LogTexture: Display: Building textures: LQ_Lightmap_0_33 (DXT1, 256X256)
[2019.06.18-00.19.04:921][983]LogTexture: Display: Building textures: LQ_Lightmap_0_34 (DXT1, 256X256)
[2019.06.18-00.19.04:921][983]LogTexture: Display: Building textures: LQ_Lightmap_0_35 (DXT1, 256X256)
[2019.06.18-00.19.04:921][983]LogTexture: Display: Building textures: LQ_Lightmap_0_36 (DXT1, 256X256)
[2019.06.18-00.19.04:921][983]LogTexture: Display: Building textures: LQ_Lightmap_0_37 (DXT1, 128X128)
[2019.06.18-00.19.04:921][983]LogTexture: Display: Building textures: LQ_Lightmap_0_38 (DXT1, 256X256)
[2019.06.18-00.19.04:921][983]LogTexture: Display: Building textures: LQ_Lightmap_0_39 (DXT1, 256X256)
[2019.06.18-00.19.04:921][983]LogTexture: Display: Building textures: LQ_Lightmap_0_4 (DXT1, 256X256)
[2019.06.18-00.19.04:921][983]LogTexture: Display: Building textures: LQ_Lightmap_0_40 (DXT1, 256X256)
[2019.06.18-00.19.04:921][983]LogTexture: Display: Building textures: LQ_Lightmap_0_41 (DXT1, 128X128)
[2019.06.18-00.19.04:921][983]LogTexture: Display: Building textures: LQ_Lightmap_0_42 (DXT1, 128X128)
[2019.06.18-00.19.04:921][983]LogTexture: Display: Building textures: LQ_Lightmap_0_43 (DXT1, 128X128)
[2019.06.18-00.19.04:921][983]LogTexture: Display: Building textures: LQ_Lightmap_0_44 (DXT1, 128X128)
[2019.06.18-00.19.04:921][983]LogTexture: Display: Building textures: LQ_Lightmap_0_45 (DXT1, 256X256)
[2019.06.18-00.19.04:921][983]LogTexture: Display: Building textures: LQ_Lightmap_0_46 (DXT1, 256X256)
[2019.06.18-00.19.04:921][983]LogTexture: Display: Building textures: LQ_Lightmap_0_47 (DXT1, 256X256)
[2019.06.18-00.19.04:922][983]LogTexture: Display: Building textures: LQ_Lightmap_0_49 (DXT1, 256X256)
[2019.06.18-00.19.04:922][983]LogTexture: Display: Building textures: LQ_Lightmap_0_48 (DXT1, 256X256)
[2019.06.18-00.19.04:922][983]LogTexture: Display: Building textures: LQ_Lightmap_0_5 (DXT1, 128X128)
[2019.06.18-00.19.04:922][983]LogTexture: Display: Building textures: LQ_Lightmap_0_50 (DXT1, 128X128)
[2019.06.18-00.19.04:922][983]LogTexture: Display: Building textures: LQ_Lightmap_0_52 (DXT1, 256X256)
[2019.06.18-00.19.04:922][983]LogTexture: Display: Building textures: LQ_Lightmap_0_51 (DXT1, 256X256)
[2019.06.18-00.19.04:922][983]LogTexture: Display: Building textures: LQ_Lightmap_0_53 (DXT1, 256X256)
[2019.06.18-00.19.04:922][983]LogTexture: Display: Building textures: LQ_Lightmap_0_54 (DXT1, 256X256)
[2019.06.18-00.19.04:922][983]LogTexture: Display: Building textures: LQ_Lightmap_0_55 (DXT1, 256X256)
[2019.06.18-00.19.04:922][983]LogTexture: Display: Building textures: LQ_Lightmap_0_56 (DXT1, 128X128)
[2019.06.18-00.19.04:922][983]LogTexture: Display: Building textures: LQ_Lightmap_0_58 (DXT1, 256X256)
[2019.06.18-00.19.04:922][983]LogTexture: Display: Building textures: LQ_Lightmap_0_57 (DXT1, 256X256)
[2019.06.18-00.19.04:922][983]LogTexture: Display: Building textures: LQ_Lightmap_0_59 (DXT1, 256X256)
[2019.06.18-00.19.04:922][983]LogTexture: Display: Building textures: LQ_Lightmap_0_6 (DXT1, 256X256)
[2019.06.18-00.19.04:922][983]LogTexture: Display: Building textures: LQ_Lightmap_0_60 (DXT1, 256X256)
[2019.06.18-00.19.04:922][983]LogTexture: Display: Building textures: LQ_Lightmap_0_61 (DXT1, 256X256)
[2019.06.18-00.19.04:922][983]LogTexture: Display: Building textures: LQ_Lightmap_0_62 (DXT1, 256X256)
[2019.06.18-00.19.04:922][983]LogTexture: Display: Building textures: LQ_Lightmap_0_63 (DXT1, 256X256)
[2019.06.18-00.19.04:922][983]LogTexture: Display: Building textures: LQ_Lightmap_0_64 (DXT1, 128X128)
[2019.06.18-00.19.04:922][983]LogTexture: Display: Building textures: LQ_Lightmap_0_66 (DXT1, 128X128)
[2019.06.18-00.19.04:922][983]LogTexture: Display: Building textures: LQ_Lightmap_0_65 (DXT1, 256X256)
[2019.06.18-00.19.04:922][983]LogTexture: Display: Building textures: LQ_Lightmap_0_67 (DXT1, 128X128)
[2019.06.18-00.19.04:922][983]LogTexture: Display: Building textures: LQ_Lightmap_0_68 (DXT1, 128X128)
[2019.06.18-00.19.04:922][983]LogTexture: Display: Building textures: LQ_Lightmap_0_69 (DXT1, 128X128)
[2019.06.18-00.19.04:922][983]LogTexture: Display: Building textures: LQ_Lightmap_0_7 (DXT1, 256X256)
[2019.06.18-00.19.04:922][983]LogTexture: Display: Building textures: LQ_Lightmap_0_70 (DXT1, 64X64)
[2019.06.18-00.19.04:922][983]LogTexture: Display: Building textures: LQ_Lightmap_0_8 (DXT1, 256X256)
[2019.06.18-00.19.04:922][983]LogTexture: Display: Building textures: LQ_Lightmap_0_9 (DXT1, 256X256)
[2019.06.18-00.19.04:922][983]LogTexture: Display: Building textures: ShadowMapTexture2D_0 (G8, 256X64)
[2019.06.18-00.19.04:922][983]LogTexture: Display: Building textures: ShadowMapTexture2D_1 (G8, 256X64)
[2019.06.18-00.19.04:922][983]LogTexture: Display: Building textures: ShadowMapTexture2D_10 (G8, 256X64)
[2019.06.18-00.19.04:922][983]LogTexture: Display: Building textures: ShadowMapTexture2D_11 (G8, 256X64)
[2019.06.18-00.19.04:922][983]LogTexture: Display: Building textures: ShadowMapTexture2D_12 (G8, 256X64)
[2019.06.18-00.19.04:922][983]LogTexture: Display: Building textures: ShadowMapTexture2D_13 (G8, 256X64)
[2019.06.18-00.19.04:922][983]LogTexture: Display: Building textures: ShadowMapTexture2D_14 (G8, 256X64)
[2019.06.18-00.19.04:922][983]LogTexture: Display: Building textures: ShadowMapTexture2D_15 (G8, 256X64)
[2019.06.18-00.19.04:922][983]LogTexture: Display: Building textures: ShadowMapTexture2D_16 (G8, 128X64)
[2019.06.18-00.19.04:922][983]LogTexture: Display: Building textures: ShadowMapTexture2D_17 (G8, 256X64)
[2019.06.18-00.19.04:923][983]LogTexture: Display: Building textures: ShadowMapTexture2D_18 (G8, 256X64)
[2019.06.18-00.19.04:923][983]LogTexture: Display: Building textures: ShadowMapTexture2D_19 (G8, 256X64)
[2019.06.18-00.19.04:923][983]LogTexture: Display: Building textures: ShadowMapTexture2D_2 (G8, 256X64)
[2019.06.18-00.19.04:923][983]LogTexture: Display: Building textures: ShadowMapTexture2D_20 (G8, 256X64)
[2019.06.18-00.19.04:923][983]LogTexture: Display: Building textures: ShadowMapTexture2D_21 (G8, 256X64)
[2019.06.18-00.19.04:923][983]LogTexture: Display: Building textures: ShadowMapTexture2D_22 (G8, 256X64)
[2019.06.18-00.19.04:923][983]LogTexture: Display: Building textures: ShadowMapTexture2D_23 (G8, 256X64)
[2019.06.18-00.19.04:923][983]LogTexture: Display: Building textures: ShadowMapTexture2D_24 (G8, 256X64)
[2019.06.18-00.19.04:923][983]LogTexture: Display: Building textures: ShadowMapTexture2D_25 (G8, 256X64)
[2019.06.18-00.19.04:923][983]LogTexture: Display: Building textures: ShadowMapTexture2D_26 (G8, 256X64)
[2019.06.18-00.19.04:923][983]LogTexture: Display: Building textures: ShadowMapTexture2D_27 (G8, 256X64)
[2019.06.18-00.19.04:923][983]LogTexture: Display: Building textures: ShadowMapTexture2D_28 (G8, 256X64)
[2019.06.18-00.19.04:923][983]LogTexture: Display: Building textures: ShadowMapTexture2D_29 (G8, 256X64)
[2019.06.18-00.19.04:923][983]LogTexture: Display: Building textures: ShadowMapTexture2D_3 (G8, 256X64)
[2019.06.18-00.19.04:923][983]LogTexture: Display: Building textures: ShadowMapTexture2D_30 (G8, 256X64)
[2019.06.18-00.19.04:923][983]LogTexture: Display: Building textures: ShadowMapTexture2D_31 (G8, 256X64)
[2019.06.18-00.19.04:923][983]LogTexture: Display: Building textures: ShadowMapTexture2D_33 (G8, 256X64)
[2019.06.18-00.19.04:923][983]LogTexture: Display: Building textures: ShadowMapTexture2D_34 (G8, 256X64)
[2019.06.18-00.19.04:923][983]LogTexture: Display: Building textures: ShadowMapTexture2D_35 (G8, 256X64)
[2019.06.18-00.19.04:923][983]LogTexture: Display: Building textures: ShadowMapTexture2D_36 (G8, 128X64)
[2019.06.18-00.19.04:923][983]LogTexture: Display: Building textures: ShadowMapTexture2D_32 (G8, 256X64)
[2019.06.18-00.19.04:923][983]LogTexture: Display: Building textures: ShadowMapTexture2D_38 (G8, 256X64)
[2019.06.18-00.19.04:923][983]LogTexture: Display: Building textures: ShadowMapTexture2D_39 (G8, 256X64)
[2019.06.18-00.19.04:923][983]LogTexture: Display: Building textures: ShadowMapTexture2D_4 (G8, 128X64)
[2019.06.18-00.19.04:923][983]LogTexture: Display: Building textures: ShadowMapTexture2D_37 (G8, 256X64)
[2019.06.18-00.19.04:923][983]LogTexture: Display: Building textures: ShadowMapTexture2D_41 (G8, 128X64)
[2019.06.18-00.19.04:923][983]LogTexture: Display: Building textures: ShadowMapTexture2D_42 (G8, 64X64)
[2019.06.18-00.19.04:923][983]LogTexture: Display: Building textures: ShadowMapTexture2D_43 (G8, 128X64)
[2019.06.18-00.19.04:923][983]LogTexture: Display: Building textures: ShadowMapTexture2D_44 (G8, 256X64)
[2019.06.18-00.19.04:923][983]LogTexture: Display: Building textures: ShadowMapTexture2D_45 (G8, 256X64)
[2019.06.18-00.19.04:923][983]LogTexture: Display: Building textures: ShadowMapTexture2D_46 (G8, 256X64)
[2019.06.18-00.19.04:923][983]LogTexture: Display: Building textures: ShadowMapTexture2D_47 (G8, 256X64)
[2019.06.18-00.19.04:923][983]LogTexture: Display: Building textures: ShadowMapTexture2D_48 (G8, 256X64)
[2019.06.18-00.19.04:923][983]LogTexture: Display: Building textures: ShadowMapTexture2D_40 (G8, 128X64)
[2019.06.18-00.19.04:923][983]LogTexture: Display: Building textures: ShadowMapTexture2D_5 (G8, 256X64)
[2019.06.18-00.19.04:923][983]LogTexture: Display: Building textures: ShadowMapTexture2D_50 (G8, 256X64)
[2019.06.18-00.19.04:923][983]LogTexture: Display: Building textures: ShadowMapTexture2D_51 (G8, 256X64)
[2019.06.18-00.19.04:923][983]LogTexture: Display: Building textures: ShadowMapTexture2D_52 (G8, 256X64)
[2019.06.18-00.19.04:923][983]LogTexture: Display: Building textures: ShadowMapTexture2D_53 (G8, 256X64)
[2019.06.18-00.19.04:923][983]LogTexture: Display: Building textures: ShadowMapTexture2D_54 (G8, 256X64)
[2019.06.18-00.19.04:924][983]LogTexture: Display: Building textures: ShadowMapTexture2D_55 (G8, 128X64)
[2019.06.18-00.19.04:924][983]LogTexture: Display: Building textures: ShadowMapTexture2D_56 (G8, 256X64)
[2019.06.18-00.19.04:924][983]LogTexture: Display: Building textures: ShadowMapTexture2D_57 (G8, 256X64)
[2019.06.18-00.19.04:924][983]LogTexture: Display: Building textures: ShadowMapTexture2D_58 (G8, 256X64)
[2019.06.18-00.19.04:924][983]LogTexture: Display: Building textures: ShadowMapTexture2D_49 (G8, 128X64)
[2019.06.18-00.19.04:924][983]LogTexture: Display: Building textures: ShadowMapTexture2D_6 (G8, 256X64)
[2019.06.18-00.19.04:924][983]LogTexture: Display: Building textures: ShadowMapTexture2D_59 (G8, 256X64)
[2019.06.18-00.19.04:924][983]LogTexture: Display: Building textures: ShadowMapTexture2D_60 (G8, 256X64)
[2019.06.18-00.19.04:924][983]LogTexture: Display: Building textures: ShadowMapTexture2D_61 (G8, 256X64)
[2019.06.18-00.19.04:924][983]LogTexture: Display: Building textures: ShadowMapTexture2D_62 (G8, 256X64)
[2019.06.18-00.19.04:924][983]LogTexture: Display: Building textures: ShadowMapTexture2D_64 (G8, 256X64)
[2019.06.18-00.19.04:924][983]LogTexture: Display: Building textures: ShadowMapTexture2D_65 (G8, 128X64)
[2019.06.18-00.19.04:924][983]LogTexture: Display: Building textures: ShadowMapTexture2D_66 (G8, 128X64)
[2019.06.18-00.19.04:924][983]LogTexture: Display: Building textures: ShadowMapTexture2D_67 (G8, 128X64)
[2019.06.18-00.19.04:924][983]LogTexture: Display: Building textures: ShadowMapTexture2D_63 (G8, 128X64)
[2019.06.18-00.19.04:924][983]LogTexture: Display: Building textures: ShadowMapTexture2D_68 (G8, 64X64)
[2019.06.18-00.19.04:924][983]LogTexture: Display: Building textures: ShadowMapTexture2D_69 (G8, 32X32)
[2019.06.18-00.19.04:924][983]LogTexture: Display: Building textures: ShadowMapTexture2D_7 (G8, 256X64)
[2019.06.18-00.19.04:924][983]LogTexture: Display: Building textures: ShadowMapTexture2D_8 (G8, 256X64)
[2019.06.18-00.19.04:924][983]LogTexture: Display: Building textures: ShadowMapTexture2D_9 (G8, 256X64)
[2019.06.18-00.19.04:924][983]LogTexture: Display: Building textures: sandfootprint (BGRA8, 733X896)
[2019.06.18-00.19.04:924][983]LogTexture: Display: Building textures: luc-as-seamless-color (AutoDXT, 1024X1024)
[2019.06.18-00.19.04:924][983]LogTexture: Display: Building textures: luc-as-seamless-spec (AutoDXT, 1024X1024)
[2019.06.18-00.19.06:788][983]LogTexture: Display: Building textures: luc-as-seamless-nrm (BC5, 1024X1024)
[2019.06.18-00.19.06:788][983]LogTexture: Display: Building textures: luc-as-seamless-occ (AutoDXT, 1024X1024)
[2019.06.18-00.19.07:551][983]LogTexture: Display: Building textures: Texture2D_0 (BGRA8, 512X512)
[2019.06.18-00.19.07:551][983]LogTexture: Display: Building textures: Texture2D_1 (BGRA8, 512X512)
[2019.06.18-00.19.07:551][983]LogTexture: Display: Building textures: Texture2D_2 (BGRA8, 512X512)
[2019.06.18-00.19.07:551][983]LogTexture: Display: Building textures: Texture2D_3 (BGRA8, 512X512)
[2019.06.18-00.19.07:551][983]LogMaterial: Display: Missing cached shader map for material LandscapeMaterial, compiling. 
[2019.06.18-00.19.07:642][983]LogMaterial: Display: Missing cached shader map for material CalorMat, compiling. 
[2019.06.18-00.19.07:653][983]LogShaderCompilers: Display: Shaders left to compile 31
[2019.06.18-00.19.07:654][983]LogShaderCompilers: Display: Shaders left to compile 21
[2019.06.18-00.19.07:654][983]LogShaderCompilers: Display: Shaders left to compile 11
[2019.06.18-00.19.07:654][983]LogMaterial: Display: Missing cached shader map for material FootprintM, compiling. 
[2019.06.18-00.19.08:196][983]LogMaterial: Display: Missing cached shader map for material LandscapeMaterial, compiling. 
[2019.06.18-00.19.08:256][983]LogAIModule: Creating AISystem for world MapDeserto
[2019.06.18-00.19.08:779][983]LogAssetEditorManager: Opening Asset editor for World /Game/Deserto/MapDeserto.MapDeserto
[2019.06.18-00.19.08:813][983]LogUObjectHash: Compacting FUObjectHashTables data took   2.18ms
[2019.06.18-00.19.08:813][983]Cmd: MAP LOAD FILE="../../../../../../Users/anama/Documents/GitHub/CLONEJOURNEY/Content/Deserto/MapDeserto.umap" TEMPLATE=0 SHOWPROGRESS=1 FEATURELEVEL=3
[2019.06.18-00.19.08:814][983]LightingResults: New page: Compilação de Iluminação
[2019.06.18-00.19.08:814][983]LoadErrors: New page: Carregando mapa: MapDeserto.umap
[2019.06.18-00.19.08:815][983]MapCheck: New page: Verificação de Mapa
[2019.06.18-00.19.08:815][983]LightingResults: New page: Compilação de Iluminação
[2019.06.18-00.19.08:845][983]LogUObjectHash: Compacting FUObjectHashTables data took   2.12ms
[2019.06.18-00.19.10:735][983]LogEditorServer: Finished looking for orphan Actors (0.000 secs)
[2019.06.18-00.19.10:771][983]LogUObjectHash: Compacting FUObjectHashTables data took   1.86ms
[2019.06.18-00.19.13:337][983]Cmd: MAP CHECKDEP NOCLEARLOG
[2019.06.18-00.19.13:342][983]MapCheck: Map check complete: 0 Error(s), 0 Warning(s), took 5,422ms to complete.
[2019.06.18-00.19.13:342][983]LogFileHelpers: Loading map 'MapDeserto' took 4.529
[2019.06.18-00.19.29:602][867]LogShaderCompilers: Display: Shaders left to compile 103
[2019.06.18-00.19.34:247][134]LogShaderCompilers: Display: Shaders left to compile 93
[2019.06.18-00.19.34:330][139]LogShaderCompilers: Display: Shaders left to compile 83
[2019.06.18-00.19.35:586][212]LogShaderCompilers: Display: Shaders left to compile 73
[2019.06.18-00.19.40:817][398]LogShaderCompilers: Display: Shaders left to compile 63
[2019.06.18-00.19.43:235][398]LogShaderCompilers: Display: Shaders left to compile 53
[2019.06.18-00.19.45:008][499]LogShaderCompilers: Display: Shaders left to compile 43
[2019.06.18-00.19.46:085][562]LogShaderCompilers: Display: Shaders left to compile 33
[2019.06.18-00.19.49:597][565]LogShaderCompilers: Display: Shaders left to compile 23
[2019.06.18-00.19.49:786][565]LogShaderCompilers: Display: Shaders left to compile 13
[2019.06.18-00.19.50:911][565]LogShaderCompilers: Display: Shaders left to compile 3
[2019.06.18-00.20.29:719][829]LogSlate: FSceneViewport::OnFocusLost() reason 2
[2019.06.18-00.20.54:942][342]LogEditorViewport: Clicking on Actor (LMB): Landscape (Landscape)
[2019.06.18-00.25.50:288][809]LogSlate: FSceneViewport::OnFocusLost() reason 0
[2019.06.18-00.27.05:948][ 46]LogSlate: FSceneViewport::OnFocusLost() reason 0
[2019.06.18-00.27.24:483][157]LogEditorViewport: Clicking on Actor (LMB): Landscape (Landscape)
[2019.06.18-00.28.09:705][866]LogSlate: FSceneViewport::OnFocusLost() reason 0
[2019.06.18-00.29.34:745][530]LogSlate: Window 'Login do Controle de Origem' being destroyed
[2019.06.18-00.29.51:840][546]LogActorFactory: Actor Factory created Cube
[2019.06.18-00.29.52:521][575]LogActorFactory: Actor Factory created Cube
[2019.06.18-00.29.54:235][661]LogEditorViewport: Clicking on Actor (LMB): Landscape (Landscape)
[2019.06.18-00.29.56:376][785]LogSlate: FSceneViewport::OnFocusLost() reason 2
[2019.06.18-00.30.00:347][ 18]LogUObjectHash: Compacting FUObjectHashTables data took   2.01ms
[2019.06.18-00.30.00:356][ 18]LogSlate: FSceneViewport::OnFocusLost() reason 2
[2019.06.18-00.30.01:064][ 18]LogSlate: FSceneViewport::OnFocusLost() reason 2
[2019.06.18-00.30.01:084][ 18]Cmd: OBJ SAVEPACKAGE PACKAGE="/Game/Deserto/MapDeserto" FILE="../../../../../../Users/anama/Documents/GitHub/CLONEJOURNEY/Content/Deserto/MapDeserto.umap" SILENT=true AUTOSAVING=false KEEPDIRTY=false
[2019.06.18-00.30.01:119][ 18]LogUObjectHash: Compacting FUObjectHashTables data took   1.20ms
[2019.06.18-00.30.02:255][ 18]LogSavePackage: Moving '../../../../../../Users/anama/Documents/GitHub/CLONEJOURNEY/Saved/MapDesertoC09A244146A9E477437A61884CD380F1.tmp' to '../../../../../../Users/anama/Documents/GitHub/CLONEJOURNEY/Content/Deserto/MapDeserto.umap'
[2019.06.18-00.30.02:307][ 18]LogFileHelpers: Saving map 'MapDeserto' took 1.223
[2019.06.18-00.30.03:807][ 93]LogSlate: FSceneViewport::OnFocusLost() reason 2
[2019.06.18-00.30.12:424][592]SourceControl: fatal: C:/Program Files/Epic Games/UE_4.22/Engine/Content: 'C:/Program Files/Epic Games/UE_4.22/Engine/Content' is outside repository
[2019.06.18-00.30.12:774][592]LogSlate: FSceneViewport::OnFocusLost() reason 2
[2019.06.18-00.30.31:831][592]LogSlate: Window 'Enviar Arquivos' being destroyed
[2019.06.18-00.30.31:846][592]LogSlate: FSceneViewport::OnFocusLost() reason 2
[2019.06.18-00.30.32:562][592]LogSlate: FSceneViewport::OnFocusLost() reason 2
[2019.06.18-00.30.35:026][592]LogSourceControl: commit successful: [master 07337b2] um cubo a mais
[2019.06.18-00.30.35:728][592]SourceControl: [master 07337b2] um cubo a mais
[2019.06.18-00.30.35:728][592]SourceControl:  1 file changed, 0 insertions(+), 0 deletions(-)
[2019.06.18-00.30.35:736][592]SourceControl: Commited [master 07337b2] um cubo a mais.
[2019.06.18-00.44.46:136][410]LogUnrealEdMisc: Warning: Heartbeat event firing too frequently (0.000 sec). This should never happen. Something is wrong with the timer delegate!
[2019.06.18-00.44.46:363][410]LogUnrealEdMisc: Warning: Heartbeat event firing too frequently (0.227 sec). This should never happen. Something is wrong with the timer delegate!
[2019.06.18-00.44.46:364][410]LogUnrealEdMisc: Warning: Heartbeat event firing too frequently (0.227 sec). This should never happen. Something is wrong with the timer delegate!
[2019.06.18-00.44.46:364][410]LogUnrealEdMisc: Warning: Heartbeat event firing too frequently (0.228 sec). This should never happen. Something is wrong with the timer delegate!
[2019.06.18-00.44.46:364][410]LogUnrealEdMisc: Warning: Heartbeat event firing too frequently (0.228 sec). This should never happen. Something is wrong with the timer delegate!
[2019.06.18-00.44.46:364][410]LogUnrealEdMisc: Warning: Heartbeat event firing too frequently (0.228 sec). This should never happen. Something is wrong with the timer delegate!
[2019.06.18-00.44.46:364][410]LogUnrealEdMisc: Warning: Heartbeat event firing too frequently (0.228 sec). This should never happen. Something is wrong with the timer delegate!
[2019.06.18-00.44.46:365][410]LogUnrealEdMisc: Warning: Heartbeat event firing too frequently (0.228 sec). This should never happen. Something is wrong with the timer delegate!
[2019.06.18-00.44.46:365][410]LogUnrealEdMisc: Warning: Heartbeat event firing too frequently (0.229 sec). This should never happen. Something is wrong with the timer delegate!
[2019.06.18-00.44.46:365][410]LogUnrealEdMisc: Warning: Heartbeat event firing too frequently (0.229 sec). This should never happen. Something is wrong with the timer delegate!
[2019.06.18-00.45.06:383][414]LogHttp: Warning: 000001F74672DBC0: request failed, libcurl error: 56 (Failure when receiving data from the peer)
[2019.06.18-00.45.06:383][414]LogHttp: Warning: 000001F74672DBC0: libcurl info message cache 0 (Found bundle for host datarouter.ol.epicgames.com: 0x1f76c8d3f70 [can pipeline])
[2019.06.18-00.45.06:383][414]LogHttp: Warning: 000001F74672DBC0: libcurl info message cache 1 (Re-using existing connection! (#7) with host datarouter.ol.epicgames.com)
[2019.06.18-00.45.06:383][414]LogHttp: Warning: 000001F74672DBC0: libcurl info message cache 2 (Connected to datarouter.ol.epicgames.com (100.24.251.232) port 443 (#7))
[2019.06.18-00.45.06:383][414]LogHttp: Warning: 000001F74672DBC0: libcurl info message cache 3 (We are completely uploaded and fine)
[2019.06.18-00.45.06:383][414]LogHttp: Warning: 000001F74672DBC0: libcurl info message cache 4 (OpenSSL SSL_read: SSL_ERROR_SYSCALL, errno 10054)
[2019.06.18-00.45.06:383][414]LogHttp: Warning: 000001F74672DBC0: libcurl info message cache 5 (Connection died, retrying a fresh connect)
[2019.06.18-00.45.06:383][414]LogHttp: Warning: 000001F74672DBC0: libcurl info message cache 6 (necessary data rewind wasn't possible)
[2019.06.18-00.45.06:383][414]LogHttp: Warning: 000001F74672DBC0: libcurl info message cache 7 (Closing connection 7)
[2019.06.18-00.45.06:383][414]LogHttp: Warning: Retry exhausted on https://datarouter.ol.epicgames.com/datarouter/api/v1/public/data?SessionID=%7BE1B8249D-448A-15D7-27F4-6086BD5DCB79%7D&AppID=UEEditor.Rocket.Release&AppVersion=4.22.0-5660361%2B%2B%2BUE4%2BRelease-4.22&UserID=b62ffe3f4b5f5c5502cf079260aff3c5%7C557e916d03864644a641077ebf7547ff%7Ccde3c2f0-895f-467a-9916-51610f65687d&AppEnvironment=datacollector-binary&UploadType=eteventstream
[2019.06.18-00.47.06:984][714]LogHttp: Warning: 000001F74672C180: request failed, libcurl error: 6 (Couldn't resolve host name)
[2019.06.18-00.47.06:984][714]LogHttp: Warning: 000001F74672C180: libcurl info message cache 0 (Could not resolve host: datarouter.ol.epicgames.com)
[2019.06.18-00.47.06:984][714]LogHttp: Warning: 000001F74672C180: libcurl info message cache 1 (Closing connection 8)
[2019.06.18-00.47.06:984][714]LogHttp: Warning: Retry exhausted on https://datarouter.ol.epicgames.com/datarouter/api/v1/public/data?SessionID=%7BE1B8249D-448A-15D7-27F4-6086BD5DCB79%7D&AppID=UEEditor.Rocket.Release&AppVersion=4.22.0-5660361%2B%2B%2BUE4%2BRelease-4.22&UserID=b62ffe3f4b5f5c5502cf079260aff3c5%7C557e916d03864644a641077ebf7547ff%7Ccde3c2f0-895f-467a-9916-51610f65687d&AppEnvironment=datacollector-binary&UploadType=eteventstream
[2019.06.18-00.52.59:832][905]LogSlate: FSceneViewport::OnFocusLost() reason 2
[2019.06.18-00.53.01:695][107]LogUObjectHash: Compacting FUObjectHashTables data took   3.14ms
[2019.06.18-00.53.03:437][242]LogSlate: FSceneViewport::OnFocusLost() reason 2
[2019.06.18-00.53.06:218][550]LogSlate: FSceneViewport::OnFocusLost() reason 2
[2019.06.18-00.53.18:096][550]LogSlate: Window 'Salvar Nível Como' being destroyed
[2019.06.18-00.53.21:502][803]LogSlate: FSceneViewport::OnFocusLost() reason 2
[2019.06.18-00.53.25:389][210]LogEditorViewport: Clicking on Actor (LMB): Landscape (Landscape)
[2019.06.18-00.53.26:603][302]LogSlate: FSceneViewport::OnFocusLost() reason 0
